mode: atomic
github.com/JakeNeyer/ipam/server/oauth/github.go:21.42,23.2 1 3
github.com/JakeNeyer/ipam/server/oauth/github.go:39.120,41.16 2 0
github.com/JakeNeyer/ipam/server/oauth/github.go:41.16,43.3 1 0
github.com/JakeNeyer/ipam/server/oauth/github.go:44.2,48.16 4 0
github.com/JakeNeyer/ipam/server/oauth/github.go:48.16,50.3 1 0
github.com/JakeNeyer/ipam/server/oauth/github.go:51.2,53.16 3 0
github.com/JakeNeyer/ipam/server/oauth/github.go:53.16,55.3 1 0
github.com/JakeNeyer/ipam/server/oauth/github.go:56.2,56.38 1 0
github.com/JakeNeyer/ipam/server/oauth/github.go:56.38,58.3 1 0
github.com/JakeNeyer/ipam/server/oauth/github.go:59.2,60.49 2 0
github.com/JakeNeyer/ipam/server/oauth/github.go:60.49,62.3 1 0
github.com/JakeNeyer/ipam/server/oauth/github.go:63.2,65.17 3 0
github.com/JakeNeyer/ipam/server/oauth/github.go:65.17,67.32 2 0
github.com/JakeNeyer/ipam/server/oauth/github.go:67.32,69.4 1 0
github.com/JakeNeyer/ipam/server/oauth/github.go:71.2,71.35 1 0
github.com/JakeNeyer/ipam/server/oauth/github.go:74.102,76.16 2 0
github.com/JakeNeyer/ipam/server/oauth/github.go:76.16,78.3 1 0
github.com/JakeNeyer/ipam/server/oauth/github.go:79.2,83.16 4 0
github.com/JakeNeyer/ipam/server/oauth/github.go:83.16,85.3 1 0
github.com/JakeNeyer/ipam/server/oauth/github.go:86.2,88.16 3 0
github.com/JakeNeyer/ipam/server/oauth/github.go:88.16,90.3 1 0
github.com/JakeNeyer/ipam/server/oauth/github.go:91.2,92.54 2 0
github.com/JakeNeyer/ipam/server/oauth/github.go:92.54,94.3 1 0
github.com/JakeNeyer/ipam/server/oauth/github.go:95.2,95.27 1 0
github.com/JakeNeyer/ipam/server/oauth/github.go:95.27,96.33 1 0
github.com/JakeNeyer/ipam/server/oauth/github.go:96.33,98.4 1 0
github.com/JakeNeyer/ipam/server/oauth/github.go:100.2,100.27 1 0
github.com/JakeNeyer/ipam/server/oauth/github.go:100.27,101.20 1 0
github.com/JakeNeyer/ipam/server/oauth/github.go:101.20,103.4 1 0
github.com/JakeNeyer/ipam/server/oauth/github.go:105.2,105.16 1 0
github.com/JakeNeyer/ipam/server/oauth/provider.go:21.46,28.2 3 3
github.com/JakeNeyer/ipam/server/oauth/provider.go:31.107,34.2 2 4
github.com/JakeNeyer/ipam/server/oauth/provider.go:37.80,40.2 2 3
github.com/JakeNeyer/ipam/server/oauth/provider.go:43.140,45.21 2 1
github.com/JakeNeyer/ipam/server/oauth/provider.go:45.21,47.3 1 1
github.com/JakeNeyer/ipam/server/oauth/provider.go:48.2,48.32 1 0
github.com/JakeNeyer/ipam/server/config/config.go:29.51,30.42 1 7
github.com/JakeNeyer/ipam/server/config/config.go:30.42,32.3 1 2
github.com/JakeNeyer/ipam/server/config/config.go:33.2,34.39 2 5
github.com/JakeNeyer/ipam/server/config/config.go:34.39,35.47 1 5
github.com/JakeNeyer/ipam/server/config/config.go:35.47,37.4 1 4
github.com/JakeNeyer/ipam/server/config/config.go:39.2,39.12 1 5
github.com/JakeNeyer/ipam/server/config/config.go:43.72,44.42 1 5
github.com/JakeNeyer/ipam/server/config/config.go:44.42,46.3 1 1
github.com/JakeNeyer/ipam/server/config/config.go:47.2,48.53 2 4
github.com/JakeNeyer/ipam/server/config/config.go:48.53,50.3 1 2
github.com/JakeNeyer/ipam/server/config/config.go:51.2,51.11 1 2
github.com/JakeNeyer/ipam/server/config/config.go:55.46,57.2 1 2
github.com/JakeNeyer/ipam/server/config/config.go:62.28,68.53 5 0
github.com/JakeNeyer/ipam/server/config/config.go:68.53,78.3 1 0
github.com/JakeNeyer/ipam/server/config/config.go:79.2,79.72 1 0
github.com/JakeNeyer/ipam/server/config/config.go:79.72,81.3 1 0
github.com/JakeNeyer/ipam/server/config/config.go:82.2,82.13 1 0
github.com/JakeNeyer/ipam/network/ipam.go:15.48,17.16 2 11
github.com/JakeNeyer/ipam/network/ipam.go:17.16,19.3 1 0
github.com/JakeNeyer/ipam/network/ipam.go:20.2,24.22 5 11
github.com/JakeNeyer/ipam/network/ipam.go:24.22,26.3 1 44
github.com/JakeNeyer/ipam/network/ipam.go:27.2,27.47 1 11
github.com/JakeNeyer/ipam/network/ipam.go:31.31,33.2 1 27
github.com/JakeNeyer/ipam/network/ipam.go:37.51,39.51 2 3
github.com/JakeNeyer/ipam/network/ipam.go:39.51,41.3 1 0
github.com/JakeNeyer/ipam/network/ipam.go:42.2,45.25 4 3
github.com/JakeNeyer/ipam/network/ipam.go:45.25,47.3 1 12
github.com/JakeNeyer/ipam/network/ipam.go:48.2,49.14 2 3
github.com/JakeNeyer/ipam/network/ipam.go:49.14,51.3 1 0
github.com/JakeNeyer/ipam/network/ipam.go:52.2,53.26 2 3
github.com/JakeNeyer/ipam/network/ipam.go:53.26,56.3 2 12
github.com/JakeNeyer/ipam/network/ipam.go:57.2,57.12 1 3
github.com/JakeNeyer/ipam/network/ipam.go:64.115,65.30 1 6
github.com/JakeNeyer/ipam/network/ipam.go:65.30,67.3 1 2
github.com/JakeNeyer/ipam/network/ipam.go:68.2,69.16 2 4
github.com/JakeNeyer/ipam/network/ipam.go:69.16,71.3 1 0
github.com/JakeNeyer/ipam/network/ipam.go:72.2,72.33 1 4
github.com/JakeNeyer/ipam/network/ipam.go:72.33,74.3 1 0
github.com/JakeNeyer/ipam/network/ipam.go:75.2,76.16 2 4
github.com/JakeNeyer/ipam/network/ipam.go:76.16,78.3 1 0
github.com/JakeNeyer/ipam/network/ipam.go:79.2,80.35 2 4
github.com/JakeNeyer/ipam/network/ipam.go:80.35,82.3 1 0
github.com/JakeNeyer/ipam/network/ipam.go:83.2,83.25 1 4
github.com/JakeNeyer/ipam/network/ipam.go:83.25,85.3 1 0
github.com/JakeNeyer/ipam/network/ipam.go:87.2,88.35 2 4
github.com/JakeNeyer/ipam/network/ipam.go:88.35,89.14 1 7
github.com/JakeNeyer/ipam/network/ipam.go:89.14,90.12 1 0
github.com/JakeNeyer/ipam/network/ipam.go:92.3,93.31 2 7
github.com/JakeNeyer/ipam/network/ipam.go:93.31,94.12 1 0
github.com/JakeNeyer/ipam/network/ipam.go:96.3,97.17 2 7
github.com/JakeNeyer/ipam/network/ipam.go:97.17,98.12 1 0
github.com/JakeNeyer/ipam/network/ipam.go:100.3,100.29 1 7
github.com/JakeNeyer/ipam/network/ipam.go:102.2,102.41 1 4
github.com/JakeNeyer/ipam/network/ipam.go:102.41,102.92 1 3
github.com/JakeNeyer/ipam/network/ipam.go:104.2,108.27 5 4
github.com/JakeNeyer/ipam/network/ipam.go:108.27,109.27 1 7
github.com/JakeNeyer/ipam/network/ipam.go:109.27,111.4 1 2
github.com/JakeNeyer/ipam/network/ipam.go:112.3,113.38 2 7
github.com/JakeNeyer/ipam/network/ipam.go:113.38,115.9 2 1
github.com/JakeNeyer/ipam/network/ipam.go:118.2,118.52 1 4
github.com/JakeNeyer/ipam/network/ipam.go:118.52,120.3 1 3
github.com/JakeNeyer/ipam/network/ipam.go:122.2,124.25 2 4
github.com/JakeNeyer/ipam/network/ipam.go:124.25,126.28 2 3
github.com/JakeNeyer/ipam/network/ipam.go:126.28,127.12 1 0
github.com/JakeNeyer/ipam/network/ipam.go:129.3,131.28 3 3
github.com/JakeNeyer/ipam/network/ipam.go:131.28,132.12 1 0
github.com/JakeNeyer/ipam/network/ipam.go:134.3,134.35 1 3
github.com/JakeNeyer/ipam/network/ipam.go:134.35,135.12 1 0
github.com/JakeNeyer/ipam/network/ipam.go:137.3,137.65 1 3
github.com/JakeNeyer/ipam/network/ipam.go:140.2,141.22 2 1
github.com/JakeNeyer/ipam/network/ipam.go:141.22,143.3 1 0
github.com/JakeNeyer/ipam/network/ipam.go:143.8,145.3 1 1
github.com/JakeNeyer/ipam/network/ipam.go:146.2,146.39 1 1
github.com/JakeNeyer/ipam/network/ipam.go:146.39,148.3 1 1
github.com/JakeNeyer/ipam/network/ipam.go:149.2,150.36 2 0
github.com/JakeNeyer/ipam/network/ipam.go:150.36,152.3 1 0
github.com/JakeNeyer/ipam/network/ipam.go:153.2,154.44 2 0
github.com/JakeNeyer/ipam/network/ipam.go:154.44,156.3 1 0
github.com/JakeNeyer/ipam/network/ipam.go:157.2,157.66 1 0
github.com/JakeNeyer/ipam/network/ipam.go:160.30,164.2 3 8
github.com/JakeNeyer/ipam/network/ipam.go:166.31,168.15 2 2
github.com/JakeNeyer/ipam/network/ipam.go:168.15,170.3 1 0
github.com/JakeNeyer/ipam/network/ipam.go:171.2,172.12 2 2
github.com/JakeNeyer/ipam/network/ipam.go:172.12,174.3 1 0
github.com/JakeNeyer/ipam/network/ipam.go:175.2,175.23 1 2
github.com/JakeNeyer/ipam/network/ipam.go:178.31,180.15 2 8
github.com/JakeNeyer/ipam/network/ipam.go:180.15,182.3 1 0
github.com/JakeNeyer/ipam/network/ipam.go:183.2,183.33 1 8
github.com/JakeNeyer/ipam/network/ipam.go:186.32,188.15 2 24
github.com/JakeNeyer/ipam/network/ipam.go:188.15,190.3 1 0
github.com/JakeNeyer/ipam/network/ipam.go:191.2,191.81 1 24
github.com/JakeNeyer/ipam/network/ipam.go:194.31,197.2 1 24
github.com/JakeNeyer/ipam/network/ipam.go:201.75,203.16 2 10
github.com/JakeNeyer/ipam/network/ipam.go:203.16,205.3 1 2
github.com/JakeNeyer/ipam/network/ipam.go:207.2,208.36 2 8
github.com/JakeNeyer/ipam/network/ipam.go:208.36,210.3 1 1
github.com/JakeNeyer/ipam/network/ipam.go:212.2,212.34 1 7
github.com/JakeNeyer/ipam/network/ipam.go:212.34,214.3 1 1
github.com/JakeNeyer/ipam/network/ipam.go:216.2,219.6 3 6
github.com/JakeNeyer/ipam/network/ipam.go:219.6,222.43 2 6
github.com/JakeNeyer/ipam/network/ipam.go:222.43,223.9 1 0
github.com/JakeNeyer/ipam/network/ipam.go:226.3,228.44 3 6
github.com/JakeNeyer/ipam/network/ipam.go:228.44,230.4 1 36
github.com/JakeNeyer/ipam/network/ipam.go:232.3,232.44 1 6
github.com/JakeNeyer/ipam/network/ipam.go:232.44,234.4 1 6
github.com/JakeNeyer/ipam/network/ipam.go:236.3,237.36 2 0
github.com/JakeNeyer/ipam/network/ipam.go:237.36,238.9 1 0
github.com/JakeNeyer/ipam/network/ipam.go:240.3,241.42 2 0
github.com/JakeNeyer/ipam/network/ipam.go:241.42,243.23 2 0
github.com/JakeNeyer/ipam/network/ipam.go:243.23,244.10 1 0
github.com/JakeNeyer/ipam/network/ipam.go:249.2,249.69 1 0
github.com/JakeNeyer/ipam/network/ipam.go:253.66,254.25 1 5
github.com/JakeNeyer/ipam/network/ipam.go:254.25,256.3 1 1
github.com/JakeNeyer/ipam/network/ipam.go:258.2,259.16 2 4
github.com/JakeNeyer/ipam/network/ipam.go:259.16,261.3 1 1
github.com/JakeNeyer/ipam/network/ipam.go:263.2,263.23 1 3
github.com/JakeNeyer/ipam/network/ipam.go:267.37,270.2 2 18
github.com/JakeNeyer/ipam/network/ipam.go:273.57,275.16 2 8
github.com/JakeNeyer/ipam/network/ipam.go:275.16,277.3 1 1
github.com/JakeNeyer/ipam/network/ipam.go:279.2,280.16 2 7
github.com/JakeNeyer/ipam/network/ipam.go:280.16,282.3 1 1
github.com/JakeNeyer/ipam/network/ipam.go:284.2,284.62 1 6
github.com/JakeNeyer/ipam/network/ipam.go:288.59,290.16 2 28
github.com/JakeNeyer/ipam/network/ipam.go:290.16,292.3 1 2
github.com/JakeNeyer/ipam/network/ipam.go:294.2,295.16 2 26
github.com/JakeNeyer/ipam/network/ipam.go:295.16,297.3 1 1
github.com/JakeNeyer/ipam/network/ipam.go:299.2,299.41 1 25
github.com/JakeNeyer/ipam/network/ipam.go:299.41,301.3 1 2
github.com/JakeNeyer/ipam/network/ipam.go:303.2,306.38 3 23
github.com/JakeNeyer/ipam/network/ipam.go:306.38,308.3 1 116
github.com/JakeNeyer/ipam/network/ipam.go:310.2,310.46 1 23
github.com/JakeNeyer/ipam/main.go:21.25,24.2 2 0
github.com/JakeNeyer/ipam/main.go:26.13,29.19 2 0
github.com/JakeNeyer/ipam/main.go:29.19,31.17 2 0
github.com/JakeNeyer/ipam/main.go:31.17,34.4 2 0
github.com/JakeNeyer/ipam/main.go:35.3,36.55 2 0
github.com/JakeNeyer/ipam/main.go:39.2,40.16 2 0
github.com/JakeNeyer/ipam/main.go:40.16,43.3 2 0
github.com/JakeNeyer/ipam/main.go:44.2,55.19 9 0
github.com/JakeNeyer/ipam/main.go:55.19,58.3 2 0
github.com/JakeNeyer/ipam/main.go:58.8,60.3 1 0
github.com/JakeNeyer/ipam/main.go:61.2,64.21 3 0
github.com/JakeNeyer/ipam/main.go:64.21,67.3 2 0
github.com/JakeNeyer/ipam/main.go:67.8,69.22 2 0
github.com/JakeNeyer/ipam/main.go:69.22,72.4 2 0
github.com/JakeNeyer/ipam/main.go:75.2,76.43 2 0
github.com/JakeNeyer/ipam/main.go:76.43,78.3 1 0
github.com/JakeNeyer/ipam/main.go:78.8,80.3 1 0
github.com/JakeNeyer/ipam/main.go:81.2,89.45 3 0
github.com/JakeNeyer/ipam/main.go:89.45,92.3 2 0
github.com/JakeNeyer/ipam/internal/setup/demo_fixtures.go:19.42,21.29 2 0
github.com/JakeNeyer/ipam/internal/setup/demo_fixtures.go:21.29,23.3 1 0
github.com/JakeNeyer/ipam/internal/setup/demo_fixtures.go:24.2,25.16 2 0
github.com/JakeNeyer/ipam/internal/setup/demo_fixtures.go:25.16,28.3 2 0
github.com/JakeNeyer/ipam/internal/setup/demo_fixtures.go:29.2,29.25 1 0
github.com/JakeNeyer/ipam/internal/setup/demo_fixtures.go:29.25,30.47 1 0
github.com/JakeNeyer/ipam/internal/setup/demo_fixtures.go:30.47,33.4 2 0
github.com/JakeNeyer/ipam/internal/setup/demo_fixtures.go:37.2,42.51 2 0
github.com/JakeNeyer/ipam/internal/setup/demo_fixtures.go:42.51,45.3 2 0
github.com/JakeNeyer/ipam/internal/setup/demo_fixtures.go:46.2,51.54 4 0
github.com/JakeNeyer/ipam/internal/setup/demo_fixtures.go:51.54,54.3 2 0
github.com/JakeNeyer/ipam/internal/setup/demo_fixtures.go:55.2,56.57 2 0
github.com/JakeNeyer/ipam/internal/setup/demo_fixtures.go:56.57,59.3 2 0
github.com/JakeNeyer/ipam/internal/setup/demo_fixtures.go:60.2,78.27 3 0
github.com/JakeNeyer/ipam/internal/setup/demo_fixtures.go:78.27,85.47 2 0
github.com/JakeNeyer/ipam/internal/setup/demo_fixtures.go:85.47,88.4 2 0
github.com/JakeNeyer/ipam/internal/setup/demo_fixtures.go:92.2,107.32 2 0
github.com/JakeNeyer/ipam/internal/setup/demo_fixtures.go:107.32,113.72 2 0
github.com/JakeNeyer/ipam/internal/setup/demo_fixtures.go:113.72,116.4 2 0
github.com/JakeNeyer/ipam/internal/setup/demo_fixtures.go:120.2,129.29 2 0
github.com/JakeNeyer/ipam/internal/setup/demo_fixtures.go:129.29,137.52 2 0
github.com/JakeNeyer/ipam/internal/setup/demo_fixtures.go:137.52,140.4 2 0
github.com/JakeNeyer/ipam/internal/setup/demo_fixtures.go:143.2,143.110 1 0
github.com/JakeNeyer/ipam/internal/setup/setup.go:18.79,20.15 2 0
github.com/JakeNeyer/ipam/internal/setup/setup.go:20.15,22.35 2 0
github.com/JakeNeyer/ipam/internal/setup/setup.go:22.36,22.37 0 0
github.com/JakeNeyer/ipam/internal/setup/setup.go:24.2,25.16 2 0
github.com/JakeNeyer/ipam/internal/setup/setup.go:25.16,27.3 1 0
github.com/JakeNeyer/ipam/internal/setup/setup.go:28.2,29.20 2 0
github.com/JakeNeyer/ipam/internal/setup/setup.go:29.21,29.22 0 0
github.com/JakeNeyer/ipam/internal/setup/setup.go:30.2,30.45 1 0
github.com/JakeNeyer/ipam/internal/setup/setup.go:30.45,31.20 1 0
github.com/JakeNeyer/ipam/internal/setup/setup.go:31.20,31.38 1 0
github.com/JakeNeyer/ipam/internal/setup/setup.go:33.2,33.25 1 0
github.com/JakeNeyer/ipam/internal/setup/setup.go:39.61,41.17 2 0
github.com/JakeNeyer/ipam/internal/setup/setup.go:41.17,43.3 1 0
github.com/JakeNeyer/ipam/internal/setup/setup.go:44.2,45.17 2 0
github.com/JakeNeyer/ipam/internal/setup/setup.go:45.17,47.3 1 0
github.com/JakeNeyer/ipam/internal/setup/setup.go:48.2,48.37 1 0
github.com/JakeNeyer/ipam/internal/setup/setup.go:48.37,50.3 1 0
github.com/JakeNeyer/ipam/internal/setup/setup.go:51.2,52.34 2 0
github.com/JakeNeyer/ipam/internal/setup/setup.go:52.34,54.3 1 0
github.com/JakeNeyer/ipam/internal/setup/setup.go:55.2,55.38 1 0
github.com/JakeNeyer/ipam/internal/setup/setup.go:55.38,58.3 2 0
github.com/JakeNeyer/ipam/internal/setup/setup.go:59.2,60.20 2 0
github.com/JakeNeyer/ipam/internal/setup/setup.go:60.20,61.45 1 0
github.com/JakeNeyer/ipam/internal/setup/setup.go:61.45,64.4 2 0
github.com/JakeNeyer/ipam/internal/setup/setup.go:65.3,66.17 2 0
github.com/JakeNeyer/ipam/internal/setup/setup.go:66.17,69.4 2 0
github.com/JakeNeyer/ipam/internal/setup/setup.go:70.3,70.30 1 0
github.com/JakeNeyer/ipam/internal/setup/setup.go:72.2,78.45 2 0
github.com/JakeNeyer/ipam/internal/setup/setup.go:78.45,81.3 2 0
github.com/JakeNeyer/ipam/internal/setup/setup.go:82.2,82.73 1 0
github.com/JakeNeyer/ipam/internal/telemetry/telemetry.go:17.82,20.16 3 0
github.com/JakeNeyer/ipam/internal/telemetry/telemetry.go:20.16,22.3 1 0
github.com/JakeNeyer/ipam/internal/telemetry/telemetry.go:23.2,28.25 3 0
github.com/JakeNeyer/ipam/internal/telemetry/telemetry.go:32.74,33.21 1 0
github.com/JakeNeyer/ipam/internal/telemetry/telemetry.go:33.21,35.3 1 0
github.com/JakeNeyer/ipam/internal/logger/logger.go:38.13,43.2 1 1
github.com/JakeNeyer/ipam/internal/logger/logger.go:46.36,48.2 1 0
github.com/JakeNeyer/ipam/internal/logger/logger.go:51.37,53.2 1 0
github.com/JakeNeyer/ipam/internal/logger/logger.go:56.36,58.2 1 0
github.com/JakeNeyer/ipam/internal/logger/logger.go:61.65,68.2 1 0
github.com/JakeNeyer/ipam/internal/logger/logger.go:71.35,72.16 1 2
github.com/JakeNeyer/ipam/internal/logger/logger.go:72.16,74.3 1 1
github.com/JakeNeyer/ipam/internal/logger/logger.go:75.2,75.40 1 1
github.com/JakeNeyer/ipam/server/serve.go:17.65,44.56 18 0
github.com/JakeNeyer/ipam/server/serve.go:44.56,46.56 2 0
github.com/JakeNeyer/ipam/server/serve.go:46.56,49.4 2 0
github.com/JakeNeyer/ipam/server/serve.go:52.2,146.12 67 0
github.com/JakeNeyer/ipam/server/swagger_theme.go:6.38,58.2 2 0
github.com/JakeNeyer/ipam/server/auth/context.go:18.70,20.2 1 1
github.com/JakeNeyer/ipam/server/auth/context.go:23.55,26.2 2 4
github.com/JakeNeyer/ipam/server/auth/context.go:29.55,31.14 2 2
github.com/JakeNeyer/ipam/server/auth/context.go:31.14,33.3 1 1
github.com/JakeNeyer/ipam/server/auth/context.go:34.2,34.13 1 1
github.com/JakeNeyer/ipam/server/auth/context.go:39.86,41.2 1 3
github.com/JakeNeyer/ipam/server/auth/context.go:45.61,48.2 2 10
github.com/JakeNeyer/ipam/server/auth/context.go:52.91,53.70 1 5
github.com/JakeNeyer/ipam/server/auth/context.go:53.70,55.3 1 1
github.com/JakeNeyer/ipam/server/auth/context.go:56.2,56.17 1 4
github.com/JakeNeyer/ipam/server/auth/context.go:56.17,58.3 1 1
github.com/JakeNeyer/ipam/server/auth/context.go:59.2,59.26 1 3
github.com/JakeNeyer/ipam/server/auth/context.go:59.26,61.3 1 1
github.com/JakeNeyer/ipam/server/auth/context.go:62.2,62.28 1 2
github.com/JakeNeyer/ipam/server/auth/context.go:62.28,64.3 1 1
github.com/JakeNeyer/ipam/server/auth/context.go:65.2,65.12 1 1
github.com/JakeNeyer/ipam/server/auth/context.go:70.72,71.70 1 3
github.com/JakeNeyer/ipam/server/auth/context.go:71.70,73.3 1 1
github.com/JakeNeyer/ipam/server/auth/context.go:74.2,74.17 1 2
github.com/JakeNeyer/ipam/server/auth/context.go:74.17,76.3 1 1
github.com/JakeNeyer/ipam/server/auth/context.go:77.2,77.28 1 1
github.com/JakeNeyer/ipam/server/auth/context.go:84.40,86.2 1 8
github.com/JakeNeyer/ipam/server/auth/context.go:91.84,92.32 1 5
github.com/JakeNeyer/ipam/server/auth/context.go:92.32,94.3 1 2
github.com/JakeNeyer/ipam/server/auth/context.go:95.2,95.40 1 3
github.com/JakeNeyer/ipam/server/auth/context.go:95.40,97.3 1 1
github.com/JakeNeyer/ipam/server/auth/context.go:98.2,98.38 1 2
github.com/JakeNeyer/ipam/server/auth/context.go:105.34,105.50 1 0
github.com/JakeNeyer/ipam/server/auth/context.go:108.72,110.2 1 1
github.com/JakeNeyer/ipam/server/auth/context.go:113.60,116.2 2 2
github.com/JakeNeyer/ipam/server/auth/login_ratelimit.go:33.89,34.22 1 0
github.com/JakeNeyer/ipam/server/auth/login_ratelimit.go:34.22,36.3 1 0
github.com/JakeNeyer/ipam/server/auth/login_ratelimit.go:37.2,37.17 1 0
github.com/JakeNeyer/ipam/server/auth/login_ratelimit.go:37.17,39.3 1 0
github.com/JakeNeyer/ipam/server/auth/login_ratelimit.go:40.2,44.3 1 0
github.com/JakeNeyer/ipam/server/auth/login_ratelimit.go:48.39,49.14 1 0
github.com/JakeNeyer/ipam/server/auth/login_ratelimit.go:49.14,51.3 1 0
github.com/JakeNeyer/ipam/server/auth/login_ratelimit.go:52.2,52.55 1 0
github.com/JakeNeyer/ipam/server/auth/login_ratelimit.go:52.55,53.43 1 0
github.com/JakeNeyer/ipam/server/auth/login_ratelimit.go:53.43,55.4 1 0
github.com/JakeNeyer/ipam/server/auth/login_ratelimit.go:55.9,57.4 1 0
github.com/JakeNeyer/ipam/server/auth/login_ratelimit.go:58.3,58.16 1 0
github.com/JakeNeyer/ipam/server/auth/login_ratelimit.go:58.16,60.4 1 0
github.com/JakeNeyer/ipam/server/auth/login_ratelimit.go:62.2,63.16 2 0
github.com/JakeNeyer/ipam/server/auth/login_ratelimit.go:63.16,65.3 1 0
github.com/JakeNeyer/ipam/server/auth/login_ratelimit.go:66.2,66.13 1 0
github.com/JakeNeyer/ipam/server/auth/login_ratelimit.go:70.57,71.14 1 0
github.com/JakeNeyer/ipam/server/auth/login_ratelimit.go:71.14,73.3 1 0
github.com/JakeNeyer/ipam/server/auth/login_ratelimit.go:74.2,77.21 4 0
github.com/JakeNeyer/ipam/server/auth/login_ratelimit.go:77.21,79.3 1 0
github.com/JakeNeyer/ipam/server/auth/login_ratelimit.go:80.2,80.31 1 0
github.com/JakeNeyer/ipam/server/auth/login_ratelimit.go:80.31,82.3 1 0
github.com/JakeNeyer/ipam/server/auth/login_ratelimit.go:83.2,83.25 1 0
github.com/JakeNeyer/ipam/server/auth/login_ratelimit.go:87.56,88.14 1 0
github.com/JakeNeyer/ipam/server/auth/login_ratelimit.go:88.14,90.3 1 0
github.com/JakeNeyer/ipam/server/auth/login_ratelimit.go:91.2,95.43 5 0
github.com/JakeNeyer/ipam/server/auth/login_ratelimit.go:95.43,98.3 2 0
github.com/JakeNeyer/ipam/server/auth/login_ratelimit.go:99.2,100.22 2 0
github.com/JakeNeyer/ipam/server/auth/login_ratelimit.go:100.22,102.3 1 0
github.com/JakeNeyer/ipam/server/auth/login_ratelimit.go:106.56,107.14 1 0
github.com/JakeNeyer/ipam/server/auth/login_ratelimit.go:107.14,109.3 1 0
github.com/JakeNeyer/ipam/server/auth/login_ratelimit.go:110.2,112.15 3 0
github.com/JakeNeyer/ipam/server/auth/middleware.go:21.65,22.46 1 0
github.com/JakeNeyer/ipam/server/auth/middleware.go:22.46,23.72 1 0
github.com/JakeNeyer/ipam/server/auth/middleware.go:23.72,29.49 2 0
github.com/JakeNeyer/ipam/server/auth/middleware.go:29.49,33.5 3 0
github.com/JakeNeyer/ipam/server/auth/middleware.go:34.4,34.41 1 0
github.com/JakeNeyer/ipam/server/auth/middleware.go:34.41,37.5 2 0
github.com/JakeNeyer/ipam/server/auth/middleware.go:39.4,41.101 2 0
github.com/JakeNeyer/ipam/server/auth/middleware.go:41.101,42.60 1 0
github.com/JakeNeyer/ipam/server/auth/middleware.go:42.60,43.54 1 0
github.com/JakeNeyer/ipam/server/auth/middleware.go:43.54,45.7 1 0
github.com/JakeNeyer/ipam/server/auth/middleware.go:49.4,50.19 2 0
github.com/JakeNeyer/ipam/server/auth/middleware.go:50.19,51.86 1 0
github.com/JakeNeyer/ipam/server/auth/middleware.go:51.86,53.24 2 0
github.com/JakeNeyer/ipam/server/auth/middleware.go:53.24,55.66 2 0
github.com/JakeNeyer/ipam/server/auth/middleware.go:55.66,56.55 1 0
github.com/JakeNeyer/ipam/server/auth/middleware.go:56.55,58.43 2 0
github.com/JakeNeyer/ipam/server/auth/middleware.go:58.43,60.10 1 0
github.com/JakeNeyer/ipam/server/auth/middleware.go:67.4,67.19 1 0
github.com/JakeNeyer/ipam/server/auth/middleware.go:67.19,70.5 2 0
github.com/JakeNeyer/ipam/server/auth/middleware.go:71.4,73.32 3 0
github.com/JakeNeyer/ipam/server/auth/middleware.go:73.32,75.5 1 0
github.com/JakeNeyer/ipam/server/auth/middleware.go:76.4,76.41 1 0
github.com/JakeNeyer/ipam/server/auth/middleware.go:81.35,84.2 2 0
github.com/JakeNeyer/ipam/server/auth/middleware.go:87.66,91.2 3 0
github.com/JakeNeyer/ipam/server/auth/middleware.go:94.77,105.2 2 0
github.com/JakeNeyer/ipam/server/auth/middleware.go:108.61,118.2 1 0
github.com/JakeNeyer/ipam/server/auth/middleware.go:121.28,123.2 1 0
github.com/JakeNeyer/ipam/server/middleware/otellog.go:19.56,22.2 2 0
github.com/JakeNeyer/ipam/server/middleware/otellog.go:24.63,28.2 3 0
github.com/JakeNeyer/ipam/server/middleware/otellog.go:33.61,34.71 1 0
github.com/JakeNeyer/ipam/server/middleware/otellog.go:34.71,41.27 6 0
github.com/JakeNeyer/ipam/server/middleware/otellog.go:41.27,43.4 1 0
github.com/JakeNeyer/ipam/server/middleware/otellog.go:45.3,45.61 1 0
github.com/JakeNeyer/ipam/server/middleware/otellog.go:45.61,51.4 1 0
github.com/JakeNeyer/ipam/server/middleware/otellog.go:52.3,63.61 5 0
github.com/JakeNeyer/ipam/server/middleware/otellog.go:63.61,69.4 1 0
github.com/JakeNeyer/ipam/server/middleware/otellog.go:70.3,76.4 1 0
github.com/JakeNeyer/ipam/server/middleware/recover.go:12.46,13.71 1 0
github.com/JakeNeyer/ipam/server/middleware/recover.go:13.71,14.16 1 0
github.com/JakeNeyer/ipam/server/middleware/recover.go:14.16,15.32 1 0
github.com/JakeNeyer/ipam/server/middleware/recover.go:15.32,26.5 5 0
github.com/JakeNeyer/ipam/server/middleware/recover.go:28.3,28.23 1 0
github.com/JakeNeyer/ipam/server/middleware/requestlog.go:17.48,20.2 2 0
github.com/JakeNeyer/ipam/server/middleware/requestlog.go:22.55,26.2 3 0
github.com/JakeNeyer/ipam/server/middleware/requestlog.go:30.49,31.71 1 0
github.com/JakeNeyer/ipam/server/middleware/requestlog.go:31.71,37.3 5 0
github.com/JakeNeyer/ipam/server/middleware/security.go:10.54,11.71 1 0
github.com/JakeNeyer/ipam/server/middleware/security.go:11.71,17.3 5 0
github.com/JakeNeyer/ipam/server/middleware/security.go:21.47,22.71 1 0
github.com/JakeNeyer/ipam/server/middleware/security.go:22.71,25.3 2 0
github.com/JakeNeyer/ipam/store/memory.go:41.24,56.2 1 35
github.com/JakeNeyer/ipam/store/memory.go:59.40,61.2 1 24
github.com/JakeNeyer/ipam/store/memory.go:64.61,67.24 3 0
github.com/JakeNeyer/ipam/store/memory.go:67.24,69.3 1 0
github.com/JakeNeyer/ipam/store/memory.go:70.2,70.28 1 0
github.com/JakeNeyer/ipam/store/memory.go:70.28,72.3 1 0
github.com/JakeNeyer/ipam/store/memory.go:73.2,74.12 2 0
github.com/JakeNeyer/ipam/store/memory.go:77.70,81.13 4 0
github.com/JakeNeyer/ipam/store/memory.go:81.13,83.3 1 0
github.com/JakeNeyer/ipam/store/memory.go:84.2,84.17 1 0
github.com/JakeNeyer/ipam/store/memory.go:87.62,91.36 4 0
github.com/JakeNeyer/ipam/store/memory.go:91.36,93.3 1 0
github.com/JakeNeyer/ipam/store/memory.go:94.2,94.38 1 0
github.com/JakeNeyer/ipam/store/memory.go:94.38,94.74 1 0
github.com/JakeNeyer/ipam/store/memory.go:95.2,95.17 1 0
github.com/JakeNeyer/ipam/store/memory.go:98.61,102.13 4 0
github.com/JakeNeyer/ipam/store/memory.go:102.13,104.3 1 0
github.com/JakeNeyer/ipam/store/memory.go:105.2,106.12 2 0
github.com/JakeNeyer/ipam/store/memory.go:109.56,112.47 3 0
github.com/JakeNeyer/ipam/store/memory.go:112.47,114.3 1 0
github.com/JakeNeyer/ipam/store/memory.go:116.2,117.37 2 0
github.com/JakeNeyer/ipam/store/memory.go:117.37,118.31 1 0
github.com/JakeNeyer/ipam/store/memory.go:118.31,120.4 1 0
github.com/JakeNeyer/ipam/store/memory.go:122.2,122.34 1 0
github.com/JakeNeyer/ipam/store/memory.go:122.34,123.36 1 0
github.com/JakeNeyer/ipam/store/memory.go:123.36,124.36 1 0
github.com/JakeNeyer/ipam/store/memory.go:124.36,125.13 1 0
github.com/JakeNeyer/ipam/store/memory.go:127.4,128.42 2 0
github.com/JakeNeyer/ipam/store/memory.go:128.42,129.74 1 0
github.com/JakeNeyer/ipam/store/memory.go:129.74,131.6 1 0
github.com/JakeNeyer/ipam/store/memory.go:133.4,133.25 1 0
github.com/JakeNeyer/ipam/store/memory.go:135.3,135.32 1 0
github.com/JakeNeyer/ipam/store/memory.go:137.2,138.39 2 0
github.com/JakeNeyer/ipam/store/memory.go:138.39,139.29 1 0
github.com/JakeNeyer/ipam/store/memory.go:139.29,141.4 1 0
github.com/JakeNeyer/ipam/store/memory.go:143.2,143.42 1 0
github.com/JakeNeyer/ipam/store/memory.go:143.42,145.3 1 0
github.com/JakeNeyer/ipam/store/memory.go:146.2,147.42 2 0
github.com/JakeNeyer/ipam/store/memory.go:147.42,148.45 1 0
github.com/JakeNeyer/ipam/store/memory.go:148.45,150.4 1 0
github.com/JakeNeyer/ipam/store/memory.go:152.2,152.42 1 0
github.com/JakeNeyer/ipam/store/memory.go:152.42,153.48 1 0
github.com/JakeNeyer/ipam/store/memory.go:153.48,155.4 1 0
github.com/JakeNeyer/ipam/store/memory.go:156.3,156.33 1 0
github.com/JakeNeyer/ipam/store/memory.go:158.2,159.30 2 0
github.com/JakeNeyer/ipam/store/memory.go:159.30,160.29 1 0
github.com/JakeNeyer/ipam/store/memory.go:160.29,162.4 1 0
github.com/JakeNeyer/ipam/store/memory.go:164.2,165.33 2 0
github.com/JakeNeyer/ipam/store/memory.go:165.33,167.3 1 0
github.com/JakeNeyer/ipam/store/memory.go:168.2,170.37 3 0
github.com/JakeNeyer/ipam/store/memory.go:170.37,171.45 1 0
github.com/JakeNeyer/ipam/store/memory.go:171.45,173.4 1 0
github.com/JakeNeyer/ipam/store/memory.go:175.2,175.36 1 0
github.com/JakeNeyer/ipam/store/memory.go:175.36,176.47 1 0
github.com/JakeNeyer/ipam/store/memory.go:176.47,178.4 1 0
github.com/JakeNeyer/ipam/store/memory.go:180.2,180.43 1 0
github.com/JakeNeyer/ipam/store/memory.go:180.43,181.43 1 0
github.com/JakeNeyer/ipam/store/memory.go:181.43,183.4 1 0
github.com/JakeNeyer/ipam/store/memory.go:184.3,184.28 1 0
github.com/JakeNeyer/ipam/store/memory.go:186.2,186.41 1 0
github.com/JakeNeyer/ipam/store/memory.go:186.41,188.3 1 0
github.com/JakeNeyer/ipam/store/memory.go:189.2,189.33 1 0
github.com/JakeNeyer/ipam/store/memory.go:189.33,191.15 2 0
github.com/JakeNeyer/ipam/store/memory.go:191.15,193.4 1 0
github.com/JakeNeyer/ipam/store/memory.go:194.3,194.23 1 0
github.com/JakeNeyer/ipam/store/memory.go:196.2,197.12 2 0
github.com/JakeNeyer/ipam/store/memory.go:201.67,206.2 4 14
github.com/JakeNeyer/ipam/store/memory.go:208.76,212.13 4 5
github.com/JakeNeyer/ipam/store/memory.go:212.13,214.3 1 2
github.com/JakeNeyer/ipam/store/memory.go:215.2,215.17 1 3
github.com/JakeNeyer/ipam/store/memory.go:218.68,221.2 2 2
github.com/JakeNeyer/ipam/store/memory.go:225.138,230.37 5 5
github.com/JakeNeyer/ipam/store/memory.go:230.37,231.69 1 9
github.com/JakeNeyer/ipam/store/memory.go:231.69,232.12 1 0
github.com/JakeNeyer/ipam/store/memory.go:234.3,234.80 1 9
github.com/JakeNeyer/ipam/store/memory.go:234.80,236.4 1 8
github.com/JakeNeyer/ipam/store/memory.go:238.2,238.42 1 5
github.com/JakeNeyer/ipam/store/memory.go:238.42,238.86 1 5
github.com/JakeNeyer/ipam/store/memory.go:239.2,240.27 2 5
github.com/JakeNeyer/ipam/store/memory.go:240.27,242.3 1 0
github.com/JakeNeyer/ipam/store/memory.go:243.2,244.38 2 5
github.com/JakeNeyer/ipam/store/memory.go:244.38,246.3 1 4
github.com/JakeNeyer/ipam/store/memory.go:247.2,247.40 1 5
github.com/JakeNeyer/ipam/store/memory.go:250.81,253.46 3 0
github.com/JakeNeyer/ipam/store/memory.go:253.46,255.3 1 0
github.com/JakeNeyer/ipam/store/memory.go:256.2,257.12 2 0
github.com/JakeNeyer/ipam/store/memory.go:261.55,264.46 3 2
github.com/JakeNeyer/ipam/store/memory.go:264.46,266.3 1 1
github.com/JakeNeyer/ipam/store/memory.go:267.2,267.35 1 1
github.com/JakeNeyer/ipam/store/memory.go:267.35,268.32 1 0
github.com/JakeNeyer/ipam/store/memory.go:268.32,270.42 2 0
github.com/JakeNeyer/ipam/store/memory.go:270.42,271.74 1 0
github.com/JakeNeyer/ipam/store/memory.go:271.74,273.6 1 0
github.com/JakeNeyer/ipam/store/memory.go:275.4,275.25 1 0
github.com/JakeNeyer/ipam/store/memory.go:278.2,279.12 2 1
github.com/JakeNeyer/ipam/store/memory.go:283.57,286.26 3 1
github.com/JakeNeyer/ipam/store/memory.go:286.26,288.3 1 0
github.com/JakeNeyer/ipam/store/memory.go:289.2,290.12 2 1
github.com/JakeNeyer/ipam/store/memory.go:293.64,297.13 4 2
github.com/JakeNeyer/ipam/store/memory.go:297.13,299.3 1 1
github.com/JakeNeyer/ipam/store/memory.go:300.2,300.19 1 1
github.com/JakeNeyer/ipam/store/memory.go:303.56,306.2 2 0
github.com/JakeNeyer/ipam/store/memory.go:310.171,315.33 5 0
github.com/JakeNeyer/ipam/store/memory.go:315.33,316.54 1 0
github.com/JakeNeyer/ipam/store/memory.go:316.54,317.12 1 0
github.com/JakeNeyer/ipam/store/memory.go:319.3,319.68 1 0
github.com/JakeNeyer/ipam/store/memory.go:319.68,320.12 1 0
github.com/JakeNeyer/ipam/store/memory.go:322.3,322.63 1 0
github.com/JakeNeyer/ipam/store/memory.go:322.63,324.56 2 0
github.com/JakeNeyer/ipam/store/memory.go:324.56,325.13 1 0
github.com/JakeNeyer/ipam/store/memory.go:328.3,328.82 1 0
github.com/JakeNeyer/ipam/store/memory.go:328.82,330.4 1 0
github.com/JakeNeyer/ipam/store/memory.go:332.2,332.42 1 0
github.com/JakeNeyer/ipam/store/memory.go:332.42,332.86 1 0
github.com/JakeNeyer/ipam/store/memory.go:333.2,334.27 2 0
github.com/JakeNeyer/ipam/store/memory.go:334.27,336.3 1 0
github.com/JakeNeyer/ipam/store/memory.go:337.2,338.38 2 0
github.com/JakeNeyer/ipam/store/memory.go:338.38,340.3 1 0
github.com/JakeNeyer/ipam/store/memory.go:341.2,341.40 1 0
github.com/JakeNeyer/ipam/store/memory.go:345.84,349.33 4 0
github.com/JakeNeyer/ipam/store/memory.go:349.33,350.35 1 0
github.com/JakeNeyer/ipam/store/memory.go:350.35,352.4 1 0
github.com/JakeNeyer/ipam/store/memory.go:354.2,354.17 1 0
github.com/JakeNeyer/ipam/store/memory.go:357.71,360.40 3 0
github.com/JakeNeyer/ipam/store/memory.go:360.40,362.3 1 0
github.com/JakeNeyer/ipam/store/memory.go:363.2,364.12 2 0
github.com/JakeNeyer/ipam/store/memory.go:367.49,370.40 3 0
github.com/JakeNeyer/ipam/store/memory.go:370.40,372.3 1 0
github.com/JakeNeyer/ipam/store/memory.go:373.2,374.12 2 0
github.com/JakeNeyer/ipam/store/memory.go:378.81,383.2 4 0
github.com/JakeNeyer/ipam/store/memory.go:385.74,389.13 4 0
github.com/JakeNeyer/ipam/store/memory.go:389.13,391.3 1 0
github.com/JakeNeyer/ipam/store/memory.go:392.2,392.19 1 0
github.com/JakeNeyer/ipam/store/memory.go:395.66,398.2 2 0
github.com/JakeNeyer/ipam/store/memory.go:402.179,408.31 6 0
github.com/JakeNeyer/ipam/store/memory.go:408.31,410.34 2 0
github.com/JakeNeyer/ipam/store/memory.go:410.34,411.44 1 0
github.com/JakeNeyer/ipam/store/memory.go:411.44,412.13 1 0
github.com/JakeNeyer/ipam/store/memory.go:414.4,414.29 1 0
github.com/JakeNeyer/ipam/store/memory.go:414.29,416.57 2 0
github.com/JakeNeyer/ipam/store/memory.go:416.57,417.14 1 0
github.com/JakeNeyer/ipam/store/memory.go:420.4,420.71 1 0
github.com/JakeNeyer/ipam/store/memory.go:422.8,422.34 1 0
github.com/JakeNeyer/ipam/store/memory.go:422.34,424.34 2 0
github.com/JakeNeyer/ipam/store/memory.go:424.34,425.39 1 0
github.com/JakeNeyer/ipam/store/memory.go:425.39,426.13 1 0
github.com/JakeNeyer/ipam/store/memory.go:428.4,429.56 2 0
github.com/JakeNeyer/ipam/store/memory.go:429.56,430.13 1 0
github.com/JakeNeyer/ipam/store/memory.go:432.4,432.71 1 0
github.com/JakeNeyer/ipam/store/memory.go:435.2,436.38 2 0
github.com/JakeNeyer/ipam/store/memory.go:436.38,437.93 1 0
github.com/JakeNeyer/ipam/store/memory.go:437.93,438.12 1 0
github.com/JakeNeyer/ipam/store/memory.go:440.3,440.97 1 0
github.com/JakeNeyer/ipam/store/memory.go:440.97,441.12 1 0
github.com/JakeNeyer/ipam/store/memory.go:443.3,443.82 1 0
github.com/JakeNeyer/ipam/store/memory.go:443.82,445.4 1 0
github.com/JakeNeyer/ipam/store/memory.go:447.2,447.42 1 0
github.com/JakeNeyer/ipam/store/memory.go:447.42,447.86 1 0
github.com/JakeNeyer/ipam/store/memory.go:448.2,449.27 2 0
github.com/JakeNeyer/ipam/store/memory.go:449.27,451.3 1 0
github.com/JakeNeyer/ipam/store/memory.go:452.2,453.38 2 0
github.com/JakeNeyer/ipam/store/memory.go:453.38,455.3 1 0
github.com/JakeNeyer/ipam/store/memory.go:456.2,456.40 1 0
github.com/JakeNeyer/ipam/store/memory.go:459.81,462.45 3 0
github.com/JakeNeyer/ipam/store/memory.go:462.45,464.3 1 0
github.com/JakeNeyer/ipam/store/memory.go:465.2,466.12 2 0
github.com/JakeNeyer/ipam/store/memory.go:469.54,472.45 3 0
github.com/JakeNeyer/ipam/store/memory.go:472.45,474.3 1 0
github.com/JakeNeyer/ipam/store/memory.go:475.2,476.12 2 0
github.com/JakeNeyer/ipam/store/memory.go:480.89,484.37 4 11
github.com/JakeNeyer/ipam/store/memory.go:484.37,485.67 1 11
github.com/JakeNeyer/ipam/store/memory.go:485.67,486.12 1 0
github.com/JakeNeyer/ipam/store/memory.go:488.3,488.23 1 11
github.com/JakeNeyer/ipam/store/memory.go:490.2,490.38 1 11
github.com/JakeNeyer/ipam/store/memory.go:490.38,490.74 1 2
github.com/JakeNeyer/ipam/store/memory.go:491.2,491.17 1 11
github.com/JakeNeyer/ipam/store/memory.go:494.61,497.22 3 14
github.com/JakeNeyer/ipam/store/memory.go:497.22,499.3 1 14
github.com/JakeNeyer/ipam/store/memory.go:500.2,500.26 1 14
github.com/JakeNeyer/ipam/store/memory.go:500.26,502.3 1 14
github.com/JakeNeyer/ipam/store/memory.go:503.2,504.12 2 14
github.com/JakeNeyer/ipam/store/memory.go:507.72,511.13 4 4
github.com/JakeNeyer/ipam/store/memory.go:511.13,513.3 1 2
github.com/JakeNeyer/ipam/store/memory.go:514.2,514.15 1 2
github.com/JakeNeyer/ipam/store/memory.go:517.75,520.48 3 2
github.com/JakeNeyer/ipam/store/memory.go:520.48,522.3 1 1
github.com/JakeNeyer/ipam/store/memory.go:523.2,524.12 2 1
github.com/JakeNeyer/ipam/store/memory.go:527.57,530.48 3 2
github.com/JakeNeyer/ipam/store/memory.go:530.48,532.3 1 1
github.com/JakeNeyer/ipam/store/memory.go:533.2,534.12 2 1
github.com/JakeNeyer/ipam/store/memory.go:538.103,540.16 2 5
github.com/JakeNeyer/ipam/store/memory.go:540.16,542.3 1 0
github.com/JakeNeyer/ipam/store/memory.go:543.2,543.25 1 5
github.com/JakeNeyer/ipam/store/memory.go:543.25,545.17 2 4
github.com/JakeNeyer/ipam/store/memory.go:545.17,547.4 1 1
github.com/JakeNeyer/ipam/store/memory.go:548.3,548.14 1 3
github.com/JakeNeyer/ipam/store/memory.go:548.14,550.4 1 2
github.com/JakeNeyer/ipam/store/memory.go:552.2,552.17 1 2
github.com/JakeNeyer/ipam/store/memory.go:556.43,559.22 3 8
github.com/JakeNeyer/ipam/store/memory.go:559.22,561.3 1 8
github.com/JakeNeyer/ipam/store/memory.go:562.2,563.51 2 8
github.com/JakeNeyer/ipam/store/memory.go:563.51,565.3 1 1
github.com/JakeNeyer/ipam/store/memory.go:566.2,568.12 3 7
github.com/JakeNeyer/ipam/store/memory.go:571.54,575.13 4 0
github.com/JakeNeyer/ipam/store/memory.go:575.13,577.3 1 0
github.com/JakeNeyer/ipam/store/memory.go:578.2,578.15 1 0
github.com/JakeNeyer/ipam/store/memory.go:581.61,585.13 4 2
github.com/JakeNeyer/ipam/store/memory.go:585.13,587.3 1 1
github.com/JakeNeyer/ipam/store/memory.go:588.2,588.25 1 1
github.com/JakeNeyer/ipam/store/memory.go:591.80,592.44 1 0
github.com/JakeNeyer/ipam/store/memory.go:592.44,594.3 1 0
github.com/JakeNeyer/ipam/store/memory.go:595.2,597.28 3 0
github.com/JakeNeyer/ipam/store/memory.go:597.28,598.77 1 0
github.com/JakeNeyer/ipam/store/memory.go:598.77,600.4 1 0
github.com/JakeNeyer/ipam/store/memory.go:602.2,602.42 1 0
github.com/JakeNeyer/ipam/store/memory.go:605.87,609.13 4 0
github.com/JakeNeyer/ipam/store/memory.go:609.13,611.3 1 0
github.com/JakeNeyer/ipam/store/memory.go:612.2,614.12 3 0
github.com/JakeNeyer/ipam/store/memory.go:617.71,621.28 4 0
github.com/JakeNeyer/ipam/store/memory.go:621.28,622.67 1 0
github.com/JakeNeyer/ipam/store/memory.go:622.67,623.12 1 0
github.com/JakeNeyer/ipam/store/memory.go:625.3,625.23 1 0
github.com/JakeNeyer/ipam/store/memory.go:627.2,627.38 1 0
github.com/JakeNeyer/ipam/store/memory.go:627.38,627.76 1 0
github.com/JakeNeyer/ipam/store/memory.go:628.2,628.17 1 0
github.com/JakeNeyer/ipam/store/memory.go:631.52,636.13 4 0
github.com/JakeNeyer/ipam/store/memory.go:636.13,638.3 1 0
github.com/JakeNeyer/ipam/store/memory.go:640.2,643.36 3 0
github.com/JakeNeyer/ipam/store/memory.go:643.36,644.43 1 0
github.com/JakeNeyer/ipam/store/memory.go:644.43,646.4 1 0
github.com/JakeNeyer/ipam/store/memory.go:649.2,649.37 1 0
github.com/JakeNeyer/ipam/store/memory.go:649.37,650.41 1 0
github.com/JakeNeyer/ipam/store/memory.go:650.41,653.4 2 0
github.com/JakeNeyer/ipam/store/memory.go:656.2,656.45 1 0
github.com/JakeNeyer/ipam/store/memory.go:656.45,657.17 1 0
github.com/JakeNeyer/ipam/store/memory.go:657.17,658.12 1 0
github.com/JakeNeyer/ipam/store/memory.go:660.3,660.30 1 0
github.com/JakeNeyer/ipam/store/memory.go:660.30,663.12 3 0
github.com/JakeNeyer/ipam/store/memory.go:665.3,665.61 1 0
github.com/JakeNeyer/ipam/store/memory.go:665.61,667.4 1 0
github.com/JakeNeyer/ipam/store/memory.go:669.2,669.12 1 0
github.com/JakeNeyer/ipam/store/memory.go:672.66,676.13 4 0
github.com/JakeNeyer/ipam/store/memory.go:676.13,678.3 1 0
github.com/JakeNeyer/ipam/store/memory.go:679.2,679.43 1 0
github.com/JakeNeyer/ipam/store/memory.go:679.43,681.3 1 0
github.com/JakeNeyer/ipam/store/memory.go:682.2,683.12 2 0
github.com/JakeNeyer/ipam/store/memory.go:686.87,690.13 4 0
github.com/JakeNeyer/ipam/store/memory.go:690.13,692.3 1 0
github.com/JakeNeyer/ipam/store/memory.go:693.2,694.12 2 0
github.com/JakeNeyer/ipam/store/memory.go:698.78,702.13 4 0
github.com/JakeNeyer/ipam/store/memory.go:702.13,704.3 1 0
github.com/JakeNeyer/ipam/store/memory.go:705.2,706.12 2 0
github.com/JakeNeyer/ipam/store/memory.go:710.85,714.2 3 0
github.com/JakeNeyer/ipam/store/memory.go:716.64,720.31 4 0
github.com/JakeNeyer/ipam/store/memory.go:720.31,722.3 1 0
github.com/JakeNeyer/ipam/store/memory.go:723.2,723.18 1 0
github.com/JakeNeyer/ipam/store/memory.go:726.49,730.2 3 0
github.com/JakeNeyer/ipam/store/memory.go:733.35,736.2 2 4
github.com/JakeNeyer/ipam/store/memory.go:741.158,743.45 2 2
github.com/JakeNeyer/ipam/store/memory.go:743.45,745.3 1 0
github.com/JakeNeyer/ipam/store/memory.go:746.2,751.43 5 2
github.com/JakeNeyer/ipam/store/memory.go:751.43,753.3 1 0
github.com/JakeNeyer/ipam/store/memory.go:754.2,755.27 2 2
github.com/JakeNeyer/ipam/store/memory.go:755.27,757.3 1 0
github.com/JakeNeyer/ipam/store/memory.go:758.2,770.29 5 2
github.com/JakeNeyer/ipam/store/memory.go:774.67,776.16 2 3
github.com/JakeNeyer/ipam/store/memory.go:776.16,778.3 1 2
github.com/JakeNeyer/ipam/store/memory.go:779.2,782.13 4 1
github.com/JakeNeyer/ipam/store/memory.go:782.13,784.3 1 0
github.com/JakeNeyer/ipam/store/memory.go:785.2,785.18 1 1
github.com/JakeNeyer/ipam/store/memory.go:789.73,793.13 4 3
github.com/JakeNeyer/ipam/store/memory.go:793.13,795.3 1 1
github.com/JakeNeyer/ipam/store/memory.go:796.2,797.13 2 2
github.com/JakeNeyer/ipam/store/memory.go:797.13,799.3 1 0
github.com/JakeNeyer/ipam/store/memory.go:800.2,800.62 1 2
github.com/JakeNeyer/ipam/store/memory.go:800.62,802.3 1 1
github.com/JakeNeyer/ipam/store/memory.go:803.2,803.17 1 1
github.com/JakeNeyer/ipam/store/memory.go:807.70,811.29 4 0
github.com/JakeNeyer/ipam/store/memory.go:811.29,812.25 1 0
github.com/JakeNeyer/ipam/store/memory.go:812.25,814.4 1 0
github.com/JakeNeyer/ipam/store/memory.go:816.2,816.38 1 0
github.com/JakeNeyer/ipam/store/memory.go:816.38,816.90 1 0
github.com/JakeNeyer/ipam/store/memory.go:817.2,817.17 1 0
github.com/JakeNeyer/ipam/store/memory.go:821.65,825.13 4 0
github.com/JakeNeyer/ipam/store/memory.go:825.13,827.3 1 0
github.com/JakeNeyer/ipam/store/memory.go:828.2,828.26 1 0
github.com/JakeNeyer/ipam/store/memory.go:828.26,830.3 1 0
github.com/JakeNeyer/ipam/store/memory.go:831.2,833.12 3 0
github.com/JakeNeyer/ipam/store/memory.go:837.67,841.13 4 0
github.com/JakeNeyer/ipam/store/memory.go:841.13,843.3 1 0
github.com/JakeNeyer/ipam/store/memory.go:844.2,844.17 1 0
github.com/JakeNeyer/ipam/store/memory.go:848.148,850.45 2 0
github.com/JakeNeyer/ipam/store/memory.go:850.45,852.3 1 0
github.com/JakeNeyer/ipam/store/memory.go:853.2,858.46 5 0
github.com/JakeNeyer/ipam/store/memory.go:858.46,860.3 1 0
github.com/JakeNeyer/ipam/store/memory.go:861.2,862.27 2 0
github.com/JakeNeyer/ipam/store/memory.go:862.27,864.3 1 0
github.com/JakeNeyer/ipam/store/memory.go:865.2,876.27 4 0
github.com/JakeNeyer/ipam/store/memory.go:880.80,881.77 1 0
github.com/JakeNeyer/ipam/store/memory.go:881.77,883.3 1 0
github.com/JakeNeyer/ipam/store/memory.go:884.2,888.13 5 0
github.com/JakeNeyer/ipam/store/memory.go:888.13,890.3 1 0
github.com/JakeNeyer/ipam/store/memory.go:891.2,892.13 2 0
github.com/JakeNeyer/ipam/store/memory.go:892.13,894.3 1 0
github.com/JakeNeyer/ipam/store/memory.go:895.2,895.23 1 0
github.com/JakeNeyer/ipam/store/memory.go:895.23,897.3 1 0
github.com/JakeNeyer/ipam/store/memory.go:898.2,898.37 1 0
github.com/JakeNeyer/ipam/store/memory.go:898.37,900.3 1 0
github.com/JakeNeyer/ipam/store/memory.go:901.2,901.17 1 0
github.com/JakeNeyer/ipam/store/memory.go:905.72,909.13 4 0
github.com/JakeNeyer/ipam/store/memory.go:909.13,911.3 1 0
github.com/JakeNeyer/ipam/store/memory.go:912.2,915.12 4 0
github.com/JakeNeyer/ipam/store/memory.go:919.56,923.13 4 0
github.com/JakeNeyer/ipam/store/memory.go:923.13,925.3 1 0
github.com/JakeNeyer/ipam/store/memory.go:926.2,928.12 3 0
github.com/JakeNeyer/ipam/store/memory.go:932.81,936.38 4 0
github.com/JakeNeyer/ipam/store/memory.go:936.38,937.33 1 0
github.com/JakeNeyer/ipam/store/memory.go:937.33,939.4 1 0
github.com/JakeNeyer/ipam/store/memory.go:941.2,941.38 1 0
github.com/JakeNeyer/ipam/store/memory.go:941.38,941.89 1 0
github.com/JakeNeyer/ipam/store/memory.go:942.2,942.17 1 0
github.com/JakeNeyer/ipam/store/postgres.go:30.50,31.18 1 0
github.com/JakeNeyer/ipam/store/postgres.go:31.18,34.3 2 0
github.com/JakeNeyer/ipam/store/postgres.go:35.2,35.27 1 0
github.com/JakeNeyer/ipam/store/postgres.go:36.14,37.19 1 0
github.com/JakeNeyer/ipam/store/postgres.go:37.19,39.18 2 0
github.com/JakeNeyer/ipam/store/postgres.go:39.18,41.5 1 0
github.com/JakeNeyer/ipam/store/postgres.go:42.4,43.14 2 0
github.com/JakeNeyer/ipam/store/postgres.go:45.14,47.17 2 0
github.com/JakeNeyer/ipam/store/postgres.go:47.17,49.4 1 0
github.com/JakeNeyer/ipam/store/postgres.go:50.3,51.13 2 0
github.com/JakeNeyer/ipam/store/postgres.go:53.2,53.58 1 0
github.com/JakeNeyer/ipam/store/postgres.go:62.72,64.16 2 0
github.com/JakeNeyer/ipam/store/postgres.go:64.16,66.3 1 0
github.com/JakeNeyer/ipam/store/postgres.go:67.2,67.44 1 0
github.com/JakeNeyer/ipam/store/postgres.go:67.44,70.3 2 0
github.com/JakeNeyer/ipam/store/postgres.go:71.2,71.43 1 0
github.com/JakeNeyer/ipam/store/postgres.go:71.43,74.3 2 0
github.com/JakeNeyer/ipam/store/postgres.go:75.2,75.36 1 0
github.com/JakeNeyer/ipam/store/postgres.go:79.39,81.2 1 0
github.com/JakeNeyer/ipam/store/postgres.go:85.38,87.45 2 0
github.com/JakeNeyer/ipam/store/postgres.go:87.45,89.3 1 0
github.com/JakeNeyer/ipam/store/postgres.go:90.2,90.47 1 0
github.com/JakeNeyer/ipam/store/postgres.go:90.47,91.40 1 0
github.com/JakeNeyer/ipam/store/postgres.go:91.40,93.4 1 0
github.com/JakeNeyer/ipam/store/postgres.go:93.9,95.4 1 0
github.com/JakeNeyer/ipam/store/postgres.go:97.2,98.16 2 0
github.com/JakeNeyer/ipam/store/postgres.go:98.16,100.3 1 0
github.com/JakeNeyer/ipam/store/postgres.go:101.2,102.16 2 0
github.com/JakeNeyer/ipam/store/postgres.go:102.16,104.3 1 0
github.com/JakeNeyer/ipam/store/postgres.go:105.2,106.61 2 0
github.com/JakeNeyer/ipam/store/postgres.go:106.61,108.3 1 0
github.com/JakeNeyer/ipam/store/postgres.go:109.2,109.12 1 0
github.com/JakeNeyer/ipam/store/postgres.go:112.48,114.2 1 0
github.com/JakeNeyer/ipam/store/postgres.go:117.39,118.19 1 0
github.com/JakeNeyer/ipam/store/postgres.go:118.19,120.3 1 0
github.com/JakeNeyer/ipam/store/postgres.go:121.2,121.10 1 0
github.com/JakeNeyer/ipam/store/postgres.go:124.36,125.13 1 0
github.com/JakeNeyer/ipam/store/postgres.go:125.13,127.3 1 0
github.com/JakeNeyer/ipam/store/postgres.go:128.2,128.10 1 0
github.com/JakeNeyer/ipam/store/postgres.go:131.69,132.24 1 0
github.com/JakeNeyer/ipam/store/postgres.go:132.24,134.3 1 0
github.com/JakeNeyer/ipam/store/postgres.go:135.2,135.28 1 0
github.com/JakeNeyer/ipam/store/postgres.go:135.28,137.3 1 0
github.com/JakeNeyer/ipam/store/postgres.go:138.2,142.12 2 0
github.com/JakeNeyer/ipam/store/postgres.go:145.78,148.26 3 0
github.com/JakeNeyer/ipam/store/postgres.go:148.26,150.3 1 0
github.com/JakeNeyer/ipam/store/postgres.go:151.2,151.16 1 0
github.com/JakeNeyer/ipam/store/postgres.go:151.16,153.3 1 0
github.com/JakeNeyer/ipam/store/postgres.go:154.2,154.16 1 0
github.com/JakeNeyer/ipam/store/postgres.go:157.70,159.16 2 0
github.com/JakeNeyer/ipam/store/postgres.go:159.16,161.3 1 0
github.com/JakeNeyer/ipam/store/postgres.go:162.2,164.18 3 0
github.com/JakeNeyer/ipam/store/postgres.go:164.18,166.65 2 0
github.com/JakeNeyer/ipam/store/postgres.go:166.65,168.4 1 0
github.com/JakeNeyer/ipam/store/postgres.go:169.3,169.24 1 0
github.com/JakeNeyer/ipam/store/postgres.go:171.2,171.24 1 0
github.com/JakeNeyer/ipam/store/postgres.go:174.69,176.16 2 0
github.com/JakeNeyer/ipam/store/postgres.go:176.16,178.3 1 0
github.com/JakeNeyer/ipam/store/postgres.go:179.2,180.12 2 0
github.com/JakeNeyer/ipam/store/postgres.go:180.12,182.3 1 0
github.com/JakeNeyer/ipam/store/postgres.go:183.2,183.12 1 0
github.com/JakeNeyer/ipam/store/postgres.go:186.64,187.49 1 0
github.com/JakeNeyer/ipam/store/postgres.go:187.49,189.3 1 0
github.com/JakeNeyer/ipam/store/postgres.go:191.2,197.16 2 0
github.com/JakeNeyer/ipam/store/postgres.go:197.16,199.3 1 0
github.com/JakeNeyer/ipam/store/postgres.go:200.2,201.16 2 0
github.com/JakeNeyer/ipam/store/postgres.go:201.16,203.3 1 0
github.com/JakeNeyer/ipam/store/postgres.go:204.2,205.16 2 0
github.com/JakeNeyer/ipam/store/postgres.go:205.16,207.3 1 0
github.com/JakeNeyer/ipam/store/postgres.go:208.2,209.16 2 0
github.com/JakeNeyer/ipam/store/postgres.go:209.16,211.3 1 0
github.com/JakeNeyer/ipam/store/postgres.go:212.2,213.16 2 0
github.com/JakeNeyer/ipam/store/postgres.go:213.16,215.3 1 0
github.com/JakeNeyer/ipam/store/postgres.go:217.2,218.16 2 0
github.com/JakeNeyer/ipam/store/postgres.go:218.16,220.3 1 0
github.com/JakeNeyer/ipam/store/postgres.go:221.2,222.16 2 0
github.com/JakeNeyer/ipam/store/postgres.go:222.16,224.3 1 0
github.com/JakeNeyer/ipam/store/postgres.go:225.2,226.12 2 0
github.com/JakeNeyer/ipam/store/postgres.go:226.12,228.3 1 0
github.com/JakeNeyer/ipam/store/postgres.go:229.2,229.12 1 0
github.com/JakeNeyer/ipam/store/postgres.go:232.75,238.2 2 0
github.com/JakeNeyer/ipam/store/postgres.go:240.84,244.26 4 0
github.com/JakeNeyer/ipam/store/postgres.go:244.26,246.3 1 0
github.com/JakeNeyer/ipam/store/postgres.go:247.2,247.16 1 0
github.com/JakeNeyer/ipam/store/postgres.go:247.16,249.3 1 0
github.com/JakeNeyer/ipam/store/postgres.go:250.2,251.17 2 0
github.com/JakeNeyer/ipam/store/postgres.go:251.17,253.3 1 0
github.com/JakeNeyer/ipam/store/postgres.go:254.2,254.105 1 0
github.com/JakeNeyer/ipam/store/postgres.go:257.76,260.2 2 0
github.com/JakeNeyer/ipam/store/postgres.go:262.146,267.27 5 0
github.com/JakeNeyer/ipam/store/postgres.go:267.27,270.3 2 0
github.com/JakeNeyer/ipam/store/postgres.go:271.2,272.73 2 0
github.com/JakeNeyer/ipam/store/postgres.go:272.73,274.3 1 0
github.com/JakeNeyer/ipam/store/postgres.go:275.2,277.27 3 0
github.com/JakeNeyer/ipam/store/postgres.go:277.27,280.3 2 0
github.com/JakeNeyer/ipam/store/postgres.go:281.2,283.15 3 0
github.com/JakeNeyer/ipam/store/postgres.go:283.15,287.3 2 0
github.com/JakeNeyer/ipam/store/postgres.go:288.2,289.16 2 0
github.com/JakeNeyer/ipam/store/postgres.go:289.16,291.3 1 0
github.com/JakeNeyer/ipam/store/postgres.go:292.2,294.18 3 0
github.com/JakeNeyer/ipam/store/postgres.go:294.18,298.52 4 0
github.com/JakeNeyer/ipam/store/postgres.go:298.52,300.4 1 0
github.com/JakeNeyer/ipam/store/postgres.go:301.3,302.18 2 0
github.com/JakeNeyer/ipam/store/postgres.go:302.18,304.4 1 0
github.com/JakeNeyer/ipam/store/postgres.go:305.3,305.110 1 0
github.com/JakeNeyer/ipam/store/postgres.go:307.2,307.31 1 0
github.com/JakeNeyer/ipam/store/postgres.go:310.89,312.16 2 0
github.com/JakeNeyer/ipam/store/postgres.go:312.16,314.3 1 0
github.com/JakeNeyer/ipam/store/postgres.go:315.2,316.12 2 0
github.com/JakeNeyer/ipam/store/postgres.go:316.12,318.3 1 0
github.com/JakeNeyer/ipam/store/postgres.go:319.2,319.12 1 0
github.com/JakeNeyer/ipam/store/postgres.go:322.63,327.16 2 0
github.com/JakeNeyer/ipam/store/postgres.go:327.16,329.3 1 0
github.com/JakeNeyer/ipam/store/postgres.go:330.2,331.16 2 0
github.com/JakeNeyer/ipam/store/postgres.go:331.16,333.3 1 0
github.com/JakeNeyer/ipam/store/postgres.go:334.2,335.16 2 0
github.com/JakeNeyer/ipam/store/postgres.go:335.16,337.3 1 0
github.com/JakeNeyer/ipam/store/postgres.go:338.2,339.12 2 0
github.com/JakeNeyer/ipam/store/postgres.go:339.12,341.3 1 0
github.com/JakeNeyer/ipam/store/postgres.go:342.2,342.12 1 0
github.com/JakeNeyer/ipam/store/postgres.go:345.65,346.26 1 0
github.com/JakeNeyer/ipam/store/postgres.go:346.26,348.3 1 0
github.com/JakeNeyer/ipam/store/postgres.go:349.2,350.16 2 0
github.com/JakeNeyer/ipam/store/postgres.go:350.16,352.3 1 0
github.com/JakeNeyer/ipam/store/postgres.go:353.2,357.12 2 0
github.com/JakeNeyer/ipam/store/postgres.go:360.72,368.26 5 0
github.com/JakeNeyer/ipam/store/postgres.go:368.26,370.3 1 0
github.com/JakeNeyer/ipam/store/postgres.go:371.2,371.16 1 0
github.com/JakeNeyer/ipam/store/postgres.go:371.16,373.3 1 0
github.com/JakeNeyer/ipam/store/postgres.go:374.2,375.17 2 0
github.com/JakeNeyer/ipam/store/postgres.go:375.17,377.3 1 0
github.com/JakeNeyer/ipam/store/postgres.go:378.2,386.8 2 0
github.com/JakeNeyer/ipam/store/postgres.go:389.64,392.2 2 0
github.com/JakeNeyer/ipam/store/postgres.go:394.179,398.16 4 0
github.com/JakeNeyer/ipam/store/postgres.go:398.16,402.3 3 0
github.com/JakeNeyer/ipam/store/postgres.go:403.2,403.26 1 0
github.com/JakeNeyer/ipam/store/postgres.go:403.26,407.3 3 0
github.com/JakeNeyer/ipam/store/postgres.go:408.2,408.27 1 0
github.com/JakeNeyer/ipam/store/postgres.go:408.27,412.3 3 0
github.com/JakeNeyer/ipam/store/postgres.go:413.2,413.18 1 0
github.com/JakeNeyer/ipam/store/postgres.go:413.18,415.3 1 0
github.com/JakeNeyer/ipam/store/postgres.go:416.2,417.73 2 0
github.com/JakeNeyer/ipam/store/postgres.go:417.73,419.3 1 0
github.com/JakeNeyer/ipam/store/postgres.go:420.2,423.16 4 0
github.com/JakeNeyer/ipam/store/postgres.go:423.16,427.3 3 0
github.com/JakeNeyer/ipam/store/postgres.go:428.2,428.26 1 0
github.com/JakeNeyer/ipam/store/postgres.go:428.26,432.3 3 0
github.com/JakeNeyer/ipam/store/postgres.go:433.2,433.27 1 0
github.com/JakeNeyer/ipam/store/postgres.go:433.27,437.3 3 0
github.com/JakeNeyer/ipam/store/postgres.go:438.2,438.18 1 0
github.com/JakeNeyer/ipam/store/postgres.go:438.18,440.3 1 0
github.com/JakeNeyer/ipam/store/postgres.go:441.2,442.15 2 0
github.com/JakeNeyer/ipam/store/postgres.go:442.15,446.3 2 0
github.com/JakeNeyer/ipam/store/postgres.go:447.2,448.16 2 0
github.com/JakeNeyer/ipam/store/postgres.go:448.16,450.3 1 0
github.com/JakeNeyer/ipam/store/postgres.go:451.2,453.18 3 0
github.com/JakeNeyer/ipam/store/postgres.go:453.18,458.70 5 0
github.com/JakeNeyer/ipam/store/postgres.go:458.70,460.4 1 0
github.com/JakeNeyer/ipam/store/postgres.go:461.3,462.18 2 0
github.com/JakeNeyer/ipam/store/postgres.go:462.18,464.4 1 0
github.com/JakeNeyer/ipam/store/postgres.go:465.3,473.5 2 0
github.com/JakeNeyer/ipam/store/postgres.go:475.2,475.31 1 0
github.com/JakeNeyer/ipam/store/postgres.go:478.92,481.2 2 0
github.com/JakeNeyer/ipam/store/postgres.go:483.79,485.16 2 0
github.com/JakeNeyer/ipam/store/postgres.go:485.16,487.3 1 0
github.com/JakeNeyer/ipam/store/postgres.go:488.2,492.16 2 0
github.com/JakeNeyer/ipam/store/postgres.go:492.16,494.3 1 0
github.com/JakeNeyer/ipam/store/postgres.go:495.2,496.12 2 0
github.com/JakeNeyer/ipam/store/postgres.go:496.12,498.3 1 0
github.com/JakeNeyer/ipam/store/postgres.go:499.2,499.12 1 0
github.com/JakeNeyer/ipam/store/postgres.go:502.57,504.16 2 0
github.com/JakeNeyer/ipam/store/postgres.go:504.16,506.3 1 0
github.com/JakeNeyer/ipam/store/postgres.go:507.2,508.12 2 0
github.com/JakeNeyer/ipam/store/postgres.go:508.12,510.3 1 0
github.com/JakeNeyer/ipam/store/postgres.go:511.2,511.12 1 0
github.com/JakeNeyer/ipam/store/postgres.go:514.89,520.2 2 0
github.com/JakeNeyer/ipam/store/postgres.go:522.82,528.26 3 0
github.com/JakeNeyer/ipam/store/postgres.go:528.26,530.3 1 0
github.com/JakeNeyer/ipam/store/postgres.go:531.2,531.16 1 0
github.com/JakeNeyer/ipam/store/postgres.go:531.16,533.3 1 0
github.com/JakeNeyer/ipam/store/postgres.go:534.2,538.8 1 0
github.com/JakeNeyer/ipam/store/postgres.go:541.74,544.2 2 0
github.com/JakeNeyer/ipam/store/postgres.go:546.187,556.15 10 0
github.com/JakeNeyer/ipam/store/postgres.go:556.15,560.3 3 0
github.com/JakeNeyer/ipam/store/postgres.go:561.2,561.27 1 0
github.com/JakeNeyer/ipam/store/postgres.go:561.27,565.3 3 0
github.com/JakeNeyer/ipam/store/postgres.go:566.2,566.68 1 0
github.com/JakeNeyer/ipam/store/postgres.go:566.68,568.3 1 0
github.com/JakeNeyer/ipam/store/postgres.go:569.2,572.15 4 0
github.com/JakeNeyer/ipam/store/postgres.go:572.15,576.3 3 0
github.com/JakeNeyer/ipam/store/postgres.go:577.2,577.27 1 0
github.com/JakeNeyer/ipam/store/postgres.go:577.27,581.3 3 0
github.com/JakeNeyer/ipam/store/postgres.go:582.2,583.15 2 0
github.com/JakeNeyer/ipam/store/postgres.go:583.15,587.3 2 0
github.com/JakeNeyer/ipam/store/postgres.go:588.2,589.16 2 0
github.com/JakeNeyer/ipam/store/postgres.go:589.16,591.3 1 0
github.com/JakeNeyer/ipam/store/postgres.go:592.2,594.18 3 0
github.com/JakeNeyer/ipam/store/postgres.go:594.18,597.54 3 0
github.com/JakeNeyer/ipam/store/postgres.go:597.54,599.4 1 0
github.com/JakeNeyer/ipam/store/postgres.go:600.3,604.5 1 0
github.com/JakeNeyer/ipam/store/postgres.go:606.2,606.31 1 0
github.com/JakeNeyer/ipam/store/postgres.go:609.89,614.16 2 0
github.com/JakeNeyer/ipam/store/postgres.go:614.16,616.3 1 0
github.com/JakeNeyer/ipam/store/postgres.go:617.2,618.12 2 0
github.com/JakeNeyer/ipam/store/postgres.go:618.12,620.3 1 0
github.com/JakeNeyer/ipam/store/postgres.go:621.2,621.12 1 0
github.com/JakeNeyer/ipam/store/postgres.go:624.62,626.16 2 0
github.com/JakeNeyer/ipam/store/postgres.go:626.16,628.3 1 0
github.com/JakeNeyer/ipam/store/postgres.go:629.2,630.12 2 0
github.com/JakeNeyer/ipam/store/postgres.go:630.12,632.3 1 0
github.com/JakeNeyer/ipam/store/postgres.go:633.2,633.12 1 0
github.com/JakeNeyer/ipam/store/postgres.go:636.97,639.27 3 0
github.com/JakeNeyer/ipam/store/postgres.go:639.27,642.3 2 0
github.com/JakeNeyer/ipam/store/postgres.go:643.2,645.16 3 0
github.com/JakeNeyer/ipam/store/postgres.go:645.16,647.3 1 0
github.com/JakeNeyer/ipam/store/postgres.go:648.2,650.18 3 0
github.com/JakeNeyer/ipam/store/postgres.go:650.18,653.93 3 0
github.com/JakeNeyer/ipam/store/postgres.go:653.93,655.4 1 0
github.com/JakeNeyer/ipam/store/postgres.go:656.3,656.18 1 0
github.com/JakeNeyer/ipam/store/postgres.go:656.18,658.4 1 0
github.com/JakeNeyer/ipam/store/postgres.go:659.3,659.24 1 0
github.com/JakeNeyer/ipam/store/postgres.go:661.2,661.24 1 0
github.com/JakeNeyer/ipam/store/postgres.go:664.69,665.22 1 0
github.com/JakeNeyer/ipam/store/postgres.go:665.22,667.3 1 0
github.com/JakeNeyer/ipam/store/postgres.go:668.2,668.26 1 0
github.com/JakeNeyer/ipam/store/postgres.go:668.26,670.3 1 0
github.com/JakeNeyer/ipam/store/postgres.go:671.2,675.12 2 0
github.com/JakeNeyer/ipam/store/postgres.go:678.80,682.26 4 0
github.com/JakeNeyer/ipam/store/postgres.go:682.26,684.3 1 0
github.com/JakeNeyer/ipam/store/postgres.go:685.2,685.16 1 0
github.com/JakeNeyer/ipam/store/postgres.go:685.16,687.3 1 0
github.com/JakeNeyer/ipam/store/postgres.go:688.2,688.17 1 0
github.com/JakeNeyer/ipam/store/postgres.go:688.17,690.3 1 0
github.com/JakeNeyer/ipam/store/postgres.go:691.2,691.16 1 0
github.com/JakeNeyer/ipam/store/postgres.go:694.83,699.16 2 0
github.com/JakeNeyer/ipam/store/postgres.go:699.16,701.3 1 0
github.com/JakeNeyer/ipam/store/postgres.go:702.2,703.12 2 0
github.com/JakeNeyer/ipam/store/postgres.go:703.12,705.3 1 0
github.com/JakeNeyer/ipam/store/postgres.go:706.2,706.12 1 0
github.com/JakeNeyer/ipam/store/postgres.go:709.65,711.16 2 0
github.com/JakeNeyer/ipam/store/postgres.go:711.16,713.3 1 0
github.com/JakeNeyer/ipam/store/postgres.go:714.2,715.12 2 0
github.com/JakeNeyer/ipam/store/postgres.go:715.12,717.3 1 0
github.com/JakeNeyer/ipam/store/postgres.go:718.2,718.12 1 0
github.com/JakeNeyer/ipam/store/postgres.go:721.111,723.16 2 0
github.com/JakeNeyer/ipam/store/postgres.go:723.16,725.3 1 0
github.com/JakeNeyer/ipam/store/postgres.go:726.2,726.25 1 0
github.com/JakeNeyer/ipam/store/postgres.go:726.25,728.17 2 0
github.com/JakeNeyer/ipam/store/postgres.go:728.17,730.4 1 0
github.com/JakeNeyer/ipam/store/postgres.go:731.3,731.14 1 0
github.com/JakeNeyer/ipam/store/postgres.go:731.14,733.4 1 0
github.com/JakeNeyer/ipam/store/postgres.go:735.2,735.17 1 0
github.com/JakeNeyer/ipam/store/postgres.go:738.51,739.22 1 0
github.com/JakeNeyer/ipam/store/postgres.go:739.22,741.3 1 0
github.com/JakeNeyer/ipam/store/postgres.go:742.2,747.16 3 0
github.com/JakeNeyer/ipam/store/postgres.go:747.16,748.92 1 0
github.com/JakeNeyer/ipam/store/postgres.go:748.92,750.4 1 0
github.com/JakeNeyer/ipam/store/postgres.go:751.3,751.45 1 0
github.com/JakeNeyer/ipam/store/postgres.go:753.2,753.12 1 0
github.com/JakeNeyer/ipam/store/postgres.go:756.62,764.26 5 0
github.com/JakeNeyer/ipam/store/postgres.go:764.26,766.3 1 0
github.com/JakeNeyer/ipam/store/postgres.go:767.2,767.16 1 0
github.com/JakeNeyer/ipam/store/postgres.go:767.16,769.3 1 0
github.com/JakeNeyer/ipam/store/postgres.go:770.2,770.17 1 0
github.com/JakeNeyer/ipam/store/postgres.go:770.17,772.3 1 0
github.com/JakeNeyer/ipam/store/postgres.go:773.2,773.25 1 0
github.com/JakeNeyer/ipam/store/postgres.go:773.25,775.3 1 0
github.com/JakeNeyer/ipam/store/postgres.go:776.2,776.31 1 0
github.com/JakeNeyer/ipam/store/postgres.go:776.31,778.3 1 0
github.com/JakeNeyer/ipam/store/postgres.go:779.2,779.16 1 0
github.com/JakeNeyer/ipam/store/postgres.go:782.69,791.26 6 0
github.com/JakeNeyer/ipam/store/postgres.go:791.26,793.3 1 0
github.com/JakeNeyer/ipam/store/postgres.go:794.2,794.16 1 0
github.com/JakeNeyer/ipam/store/postgres.go:794.16,796.3 1 0
github.com/JakeNeyer/ipam/store/postgres.go:797.2,797.17 1 0
github.com/JakeNeyer/ipam/store/postgres.go:797.17,799.3 1 0
github.com/JakeNeyer/ipam/store/postgres.go:800.2,800.25 1 0
github.com/JakeNeyer/ipam/store/postgres.go:800.25,802.3 1 0
github.com/JakeNeyer/ipam/store/postgres.go:803.2,803.31 1 0
github.com/JakeNeyer/ipam/store/postgres.go:803.31,805.3 1 0
github.com/JakeNeyer/ipam/store/postgres.go:806.2,806.16 1 0
github.com/JakeNeyer/ipam/store/postgres.go:809.88,810.44 1 0
github.com/JakeNeyer/ipam/store/postgres.go:810.44,812.3 1 0
github.com/JakeNeyer/ipam/store/postgres.go:813.2,820.26 5 0
github.com/JakeNeyer/ipam/store/postgres.go:820.26,822.3 1 0
github.com/JakeNeyer/ipam/store/postgres.go:823.2,823.16 1 0
github.com/JakeNeyer/ipam/store/postgres.go:823.16,825.3 1 0
github.com/JakeNeyer/ipam/store/postgres.go:826.2,826.17 1 0
github.com/JakeNeyer/ipam/store/postgres.go:826.17,828.3 1 0
github.com/JakeNeyer/ipam/store/postgres.go:829.2,829.25 1 0
github.com/JakeNeyer/ipam/store/postgres.go:829.25,831.3 1 0
github.com/JakeNeyer/ipam/store/postgres.go:832.2,832.31 1 0
github.com/JakeNeyer/ipam/store/postgres.go:832.31,834.3 1 0
github.com/JakeNeyer/ipam/store/postgres.go:835.2,835.16 1 0
github.com/JakeNeyer/ipam/store/postgres.go:838.79,841.27 3 0
github.com/JakeNeyer/ipam/store/postgres.go:841.27,844.3 2 0
github.com/JakeNeyer/ipam/store/postgres.go:845.2,847.16 3 0
github.com/JakeNeyer/ipam/store/postgres.go:847.16,849.3 1 0
github.com/JakeNeyer/ipam/store/postgres.go:850.2,852.18 3 0
github.com/JakeNeyer/ipam/store/postgres.go:852.18,856.142 4 0
github.com/JakeNeyer/ipam/store/postgres.go:856.142,858.4 1 0
github.com/JakeNeyer/ipam/store/postgres.go:859.3,859.18 1 0
github.com/JakeNeyer/ipam/store/postgres.go:859.18,861.4 1 0
github.com/JakeNeyer/ipam/store/postgres.go:862.3,862.26 1 0
github.com/JakeNeyer/ipam/store/postgres.go:862.26,864.4 1 0
github.com/JakeNeyer/ipam/store/postgres.go:865.3,865.32 1 0
github.com/JakeNeyer/ipam/store/postgres.go:865.32,867.4 1 0
github.com/JakeNeyer/ipam/store/postgres.go:868.3,868.24 1 0
github.com/JakeNeyer/ipam/store/postgres.go:870.2,870.24 1 0
github.com/JakeNeyer/ipam/store/postgres.go:873.60,875.16 2 0
github.com/JakeNeyer/ipam/store/postgres.go:875.16,877.3 1 0
github.com/JakeNeyer/ipam/store/postgres.go:878.2,879.12 2 0
github.com/JakeNeyer/ipam/store/postgres.go:879.12,881.3 1 0
github.com/JakeNeyer/ipam/store/postgres.go:882.2,882.12 1 0
github.com/JakeNeyer/ipam/store/postgres.go:885.74,886.43 1 0
github.com/JakeNeyer/ipam/store/postgres.go:886.43,888.3 1 0
github.com/JakeNeyer/ipam/store/postgres.go:889.2,890.16 2 0
github.com/JakeNeyer/ipam/store/postgres.go:890.16,892.3 1 0
github.com/JakeNeyer/ipam/store/postgres.go:893.2,894.12 2 0
github.com/JakeNeyer/ipam/store/postgres.go:894.12,896.3 1 0
github.com/JakeNeyer/ipam/store/postgres.go:897.2,897.12 1 0
github.com/JakeNeyer/ipam/store/postgres.go:900.95,902.16 2 0
github.com/JakeNeyer/ipam/store/postgres.go:902.16,904.3 1 0
github.com/JakeNeyer/ipam/store/postgres.go:905.2,906.12 2 0
github.com/JakeNeyer/ipam/store/postgres.go:906.12,908.3 1 0
github.com/JakeNeyer/ipam/store/postgres.go:909.2,909.12 1 0
github.com/JakeNeyer/ipam/store/postgres.go:912.86,914.16 2 0
github.com/JakeNeyer/ipam/store/postgres.go:914.16,916.3 1 0
github.com/JakeNeyer/ipam/store/postgres.go:917.2,918.12 2 0
github.com/JakeNeyer/ipam/store/postgres.go:918.12,920.3 1 0
github.com/JakeNeyer/ipam/store/postgres.go:921.2,921.12 1 0
github.com/JakeNeyer/ipam/store/postgres.go:924.95,926.16 2 0
github.com/JakeNeyer/ipam/store/postgres.go:926.16,928.3 1 0
github.com/JakeNeyer/ipam/store/postgres.go:929.2,930.12 2 0
github.com/JakeNeyer/ipam/store/postgres.go:930.12,932.3 1 0
github.com/JakeNeyer/ipam/store/postgres.go:933.2,933.12 1 0
github.com/JakeNeyer/ipam/store/postgres.go:936.93,938.2 1 0
github.com/JakeNeyer/ipam/store/postgres.go:940.72,944.26 4 0
github.com/JakeNeyer/ipam/store/postgres.go:944.26,946.3 1 0
github.com/JakeNeyer/ipam/store/postgres.go:947.2,947.16 1 0
github.com/JakeNeyer/ipam/store/postgres.go:947.16,949.3 1 0
github.com/JakeNeyer/ipam/store/postgres.go:950.2,950.54 1 0
github.com/JakeNeyer/ipam/store/postgres.go:953.57,955.2 1 0
github.com/JakeNeyer/ipam/store/postgres.go:957.166,959.101 2 0
github.com/JakeNeyer/ipam/store/postgres.go:959.101,961.3 1 0
github.com/JakeNeyer/ipam/store/postgres.go:962.2,962.16 1 0
github.com/JakeNeyer/ipam/store/postgres.go:962.16,964.3 1 0
github.com/JakeNeyer/ipam/store/postgres.go:965.2,966.45 2 0
github.com/JakeNeyer/ipam/store/postgres.go:966.45,968.3 1 0
github.com/JakeNeyer/ipam/store/postgres.go:969.2,973.27 5 0
github.com/JakeNeyer/ipam/store/postgres.go:973.27,975.3 1 0
github.com/JakeNeyer/ipam/store/postgres.go:976.2,989.16 3 0
github.com/JakeNeyer/ipam/store/postgres.go:989.16,991.3 1 0
github.com/JakeNeyer/ipam/store/postgres.go:992.2,992.29 1 0
github.com/JakeNeyer/ipam/store/postgres.go:995.75,997.16 2 0
github.com/JakeNeyer/ipam/store/postgres.go:997.16,999.3 1 0
github.com/JakeNeyer/ipam/store/postgres.go:1000.2,1000.30 1 0
github.com/JakeNeyer/ipam/store/postgres.go:1003.81,1011.26 5 0
github.com/JakeNeyer/ipam/store/postgres.go:1011.26,1013.3 1 0
github.com/JakeNeyer/ipam/store/postgres.go:1014.2,1014.16 1 0
github.com/JakeNeyer/ipam/store/postgres.go:1014.16,1016.3 1 0
github.com/JakeNeyer/ipam/store/postgres.go:1017.2,1017.57 1 0
github.com/JakeNeyer/ipam/store/postgres.go:1017.57,1019.3 1 0
github.com/JakeNeyer/ipam/store/postgres.go:1020.2,1020.17 1 0
github.com/JakeNeyer/ipam/store/postgres.go:1020.17,1022.3 1 0
github.com/JakeNeyer/ipam/store/postgres.go:1023.2,1023.16 1 0
github.com/JakeNeyer/ipam/store/postgres.go:1026.78,1031.16 2 0
github.com/JakeNeyer/ipam/store/postgres.go:1031.16,1033.3 1 0
github.com/JakeNeyer/ipam/store/postgres.go:1034.2,1036.18 3 0
github.com/JakeNeyer/ipam/store/postgres.go:1036.18,1040.108 4 0
github.com/JakeNeyer/ipam/store/postgres.go:1040.108,1042.4 1 0
github.com/JakeNeyer/ipam/store/postgres.go:1043.3,1043.22 1 0
github.com/JakeNeyer/ipam/store/postgres.go:1043.22,1045.4 1 0
github.com/JakeNeyer/ipam/store/postgres.go:1046.3,1046.18 1 0
github.com/JakeNeyer/ipam/store/postgres.go:1046.18,1048.4 1 0
github.com/JakeNeyer/ipam/store/postgres.go:1049.3,1049.24 1 0
github.com/JakeNeyer/ipam/store/postgres.go:1051.2,1051.24 1 0
github.com/JakeNeyer/ipam/store/postgres.go:1054.73,1056.16 2 0
github.com/JakeNeyer/ipam/store/postgres.go:1056.16,1058.3 1 0
github.com/JakeNeyer/ipam/store/postgres.go:1059.2,1060.12 2 0
github.com/JakeNeyer/ipam/store/postgres.go:1060.12,1062.3 1 0
github.com/JakeNeyer/ipam/store/postgres.go:1063.2,1063.12 1 0
github.com/JakeNeyer/ipam/store/postgres.go:1066.75,1074.26 5 0
github.com/JakeNeyer/ipam/store/postgres.go:1074.26,1076.3 1 0
github.com/JakeNeyer/ipam/store/postgres.go:1077.2,1077.16 1 0
github.com/JakeNeyer/ipam/store/postgres.go:1077.16,1079.3 1 0
github.com/JakeNeyer/ipam/store/postgres.go:1080.2,1080.21 1 0
github.com/JakeNeyer/ipam/store/postgres.go:1080.21,1082.3 1 0
github.com/JakeNeyer/ipam/store/postgres.go:1083.2,1083.17 1 0
github.com/JakeNeyer/ipam/store/postgres.go:1083.17,1085.3 1 0
github.com/JakeNeyer/ipam/store/postgres.go:1086.2,1086.16 1 0
github.com/JakeNeyer/ipam/store/postgres.go:1089.156,1092.26 3 0
github.com/JakeNeyer/ipam/store/postgres.go:1092.26,1094.3 1 0
github.com/JakeNeyer/ipam/store/postgres.go:1095.2,1095.16 1 0
github.com/JakeNeyer/ipam/store/postgres.go:1095.16,1097.3 1 0
github.com/JakeNeyer/ipam/store/postgres.go:1098.2,1099.45 2 0
github.com/JakeNeyer/ipam/store/postgres.go:1099.45,1101.3 1 0
github.com/JakeNeyer/ipam/store/postgres.go:1102.2,1105.27 4 0
github.com/JakeNeyer/ipam/store/postgres.go:1105.27,1107.3 1 0
github.com/JakeNeyer/ipam/store/postgres.go:1108.2,1121.16 3 0
github.com/JakeNeyer/ipam/store/postgres.go:1121.16,1123.3 1 0
github.com/JakeNeyer/ipam/store/postgres.go:1124.2,1124.27 1 0
github.com/JakeNeyer/ipam/store/postgres.go:1127.88,1128.77 1 0
github.com/JakeNeyer/ipam/store/postgres.go:1128.77,1130.3 1 0
github.com/JakeNeyer/ipam/store/postgres.go:1131.2,1140.26 7 0
github.com/JakeNeyer/ipam/store/postgres.go:1140.26,1142.3 1 0
github.com/JakeNeyer/ipam/store/postgres.go:1143.2,1143.16 1 0
github.com/JakeNeyer/ipam/store/postgres.go:1143.16,1145.3 1 0
github.com/JakeNeyer/ipam/store/postgres.go:1146.2,1146.18 1 0
github.com/JakeNeyer/ipam/store/postgres.go:1146.18,1148.3 1 0
github.com/JakeNeyer/ipam/store/postgres.go:1149.2,1149.37 1 0
github.com/JakeNeyer/ipam/store/postgres.go:1149.37,1151.3 1 0
github.com/JakeNeyer/ipam/store/postgres.go:1152.2,1152.17 1 0
github.com/JakeNeyer/ipam/store/postgres.go:1152.17,1154.3 1 0
github.com/JakeNeyer/ipam/store/postgres.go:1155.2,1155.18 1 0
github.com/JakeNeyer/ipam/store/postgres.go:1158.80,1163.16 2 0
github.com/JakeNeyer/ipam/store/postgres.go:1163.16,1165.3 1 0
github.com/JakeNeyer/ipam/store/postgres.go:1166.2,1167.12 2 0
github.com/JakeNeyer/ipam/store/postgres.go:1167.12,1169.3 1 0
github.com/JakeNeyer/ipam/store/postgres.go:1170.2,1170.12 1 0
github.com/JakeNeyer/ipam/store/postgres.go:1173.64,1175.16 2 0
github.com/JakeNeyer/ipam/store/postgres.go:1175.16,1177.3 1 0
github.com/JakeNeyer/ipam/store/postgres.go:1178.2,1179.12 2 0
github.com/JakeNeyer/ipam/store/postgres.go:1179.12,1181.3 1 0
github.com/JakeNeyer/ipam/store/postgres.go:1182.2,1182.12 1 0
github.com/JakeNeyer/ipam/store/postgres.go:1185.89,1190.16 2 0
github.com/JakeNeyer/ipam/store/postgres.go:1190.16,1192.3 1 0
github.com/JakeNeyer/ipam/store/postgres.go:1193.2,1195.18 3 0
github.com/JakeNeyer/ipam/store/postgres.go:1195.18,1200.151 5 0
github.com/JakeNeyer/ipam/store/postgres.go:1200.151,1202.4 1 0
github.com/JakeNeyer/ipam/store/postgres.go:1203.3,1203.19 1 0
github.com/JakeNeyer/ipam/store/postgres.go:1203.19,1205.4 1 0
github.com/JakeNeyer/ipam/store/postgres.go:1206.3,1206.25 1 0
github.com/JakeNeyer/ipam/store/postgres.go:1206.25,1208.4 1 0
github.com/JakeNeyer/ipam/store/postgres.go:1209.3,1209.18 1 0
github.com/JakeNeyer/ipam/store/postgres.go:1209.18,1211.4 1 0
github.com/JakeNeyer/ipam/store/postgres.go:1212.3,1212.26 1 0
github.com/JakeNeyer/ipam/store/postgres.go:1214.2,1214.24 1 0
github.com/JakeNeyer/ipam/store/user.go:35.34,37.2 1 0
github.com/JakeNeyer/ipam/server/validation/validation.go:17.39,19.40 2 13
github.com/JakeNeyer/ipam/server/validation/validation.go:19.40,21.3 1 4
github.com/JakeNeyer/ipam/server/validation/validation.go:22.2,22.34 1 9
github.com/JakeNeyer/ipam/server/validation/validation.go:26.45,27.76 1 5
github.com/JakeNeyer/ipam/server/validation/validation.go:27.76,29.3 1 3
github.com/JakeNeyer/ipam/server/validation/validation.go:30.2,30.13 1 2
github.com/JakeNeyer/ipam/server/handlers/admin.go:34.57,35.54 1 1
github.com/JakeNeyer/ipam/server/handlers/admin.go:35.54,37.50 2 1
github.com/JakeNeyer/ipam/server/handlers/admin.go:37.50,40.4 2 0
github.com/JakeNeyer/ipam/server/handlers/admin.go:41.3,41.19 1 1
github.com/JakeNeyer/ipam/server/handlers/admin.go:42.23,43.22 1 0
github.com/JakeNeyer/ipam/server/handlers/admin.go:44.24,45.23 1 1
github.com/JakeNeyer/ipam/server/handlers/admin.go:46.11,47.46 1 0
github.com/JakeNeyer/ipam/server/handlers/admin.go:52.72,55.46 3 0
github.com/JakeNeyer/ipam/server/handlers/admin.go:55.46,57.3 1 0
github.com/JakeNeyer/ipam/server/handlers/admin.go:58.2,59.16 2 0
github.com/JakeNeyer/ipam/server/handlers/admin.go:59.16,62.3 2 0
github.com/JakeNeyer/ipam/server/handlers/admin.go:63.2,64.26 2 0
github.com/JakeNeyer/ipam/server/handlers/admin.go:64.26,66.3 1 0
github.com/JakeNeyer/ipam/server/handlers/admin.go:67.2,68.69 2 0
github.com/JakeNeyer/ipam/server/handlers/admin.go:71.73,73.61 2 1
github.com/JakeNeyer/ipam/server/handlers/admin.go:73.61,76.3 2 0
github.com/JakeNeyer/ipam/server/handlers/admin.go:77.2,77.42 1 1
github.com/JakeNeyer/ipam/server/handlers/admin.go:77.42,80.3 2 0
github.com/JakeNeyer/ipam/server/handlers/admin.go:81.2,81.48 1 1
github.com/JakeNeyer/ipam/server/handlers/admin.go:81.48,84.3 2 0
github.com/JakeNeyer/ipam/server/handlers/admin.go:85.2,86.33 2 1
github.com/JakeNeyer/ipam/server/handlers/admin.go:86.33,88.3 1 0
github.com/JakeNeyer/ipam/server/handlers/admin.go:89.2,90.17 2 1
github.com/JakeNeyer/ipam/server/handlers/admin.go:90.17,93.3 2 0
github.com/JakeNeyer/ipam/server/handlers/admin.go:94.2,95.30 2 1
github.com/JakeNeyer/ipam/server/handlers/admin.go:95.30,97.3 1 0
github.com/JakeNeyer/ipam/server/handlers/admin.go:98.2,98.70 1 1
github.com/JakeNeyer/ipam/server/handlers/admin.go:98.70,101.3 2 0
github.com/JakeNeyer/ipam/server/handlers/admin.go:102.2,103.16 2 1
github.com/JakeNeyer/ipam/server/handlers/admin.go:103.16,106.3 2 0
github.com/JakeNeyer/ipam/server/handlers/admin.go:107.2,113.46 2 1
github.com/JakeNeyer/ipam/server/handlers/admin.go:113.46,116.3 2 0
github.com/JakeNeyer/ipam/server/handlers/admin.go:117.2,121.4 3 1
github.com/JakeNeyer/ipam/server/handlers/admin.go:125.61,126.54 1 0
github.com/JakeNeyer/ipam/server/handlers/admin.go:126.54,127.35 1 0
github.com/JakeNeyer/ipam/server/handlers/admin.go:127.35,130.4 2 0
github.com/JakeNeyer/ipam/server/handlers/admin.go:131.3,132.50 2 0
github.com/JakeNeyer/ipam/server/handlers/admin.go:132.50,135.4 2 0
github.com/JakeNeyer/ipam/server/handlers/admin.go:137.3,140.18 4 0
github.com/JakeNeyer/ipam/server/handlers/admin.go:140.18,143.4 2 0
github.com/JakeNeyer/ipam/server/handlers/admin.go:144.3,145.17 2 0
github.com/JakeNeyer/ipam/server/handlers/admin.go:145.17,148.4 2 0
github.com/JakeNeyer/ipam/server/handlers/admin.go:149.3,149.24 1 0
github.com/JakeNeyer/ipam/server/handlers/admin.go:149.24,152.4 2 0
github.com/JakeNeyer/ipam/server/handlers/admin.go:154.3,155.62 2 0
github.com/JakeNeyer/ipam/server/handlers/admin.go:155.62,158.4 2 0
github.com/JakeNeyer/ipam/server/handlers/admin.go:159.3,160.56 2 0
github.com/JakeNeyer/ipam/server/handlers/admin.go:160.56,163.4 2 0
github.com/JakeNeyer/ipam/server/handlers/admin.go:165.3,165.53 1 0
github.com/JakeNeyer/ipam/server/handlers/admin.go:165.53,166.39 1 0
github.com/JakeNeyer/ipam/server/handlers/admin.go:166.39,169.5 2 0
github.com/JakeNeyer/ipam/server/handlers/admin.go:170.4,171.10 2 0
github.com/JakeNeyer/ipam/server/handlers/admin.go:173.3,174.17 2 0
github.com/JakeNeyer/ipam/server/handlers/admin.go:174.17,177.4 2 0
github.com/JakeNeyer/ipam/server/handlers/admin.go:179.3,182.5 2 0
github.com/JakeNeyer/ipam/server/handlers/admin.go:187.69,188.54 1 3
github.com/JakeNeyer/ipam/server/handlers/admin.go:188.54,189.35 1 3
github.com/JakeNeyer/ipam/server/handlers/admin.go:189.35,192.4 2 0
github.com/JakeNeyer/ipam/server/handlers/admin.go:193.3,194.47 2 3
github.com/JakeNeyer/ipam/server/handlers/admin.go:194.47,197.4 2 2
github.com/JakeNeyer/ipam/server/handlers/admin.go:199.3,202.18 4 1
github.com/JakeNeyer/ipam/server/handlers/admin.go:202.18,205.4 2 0
github.com/JakeNeyer/ipam/server/handlers/admin.go:206.3,207.17 2 1
github.com/JakeNeyer/ipam/server/handlers/admin.go:207.17,210.4 2 0
github.com/JakeNeyer/ipam/server/handlers/admin.go:211.3,211.24 1 1
github.com/JakeNeyer/ipam/server/handlers/admin.go:211.24,214.4 2 1
github.com/JakeNeyer/ipam/server/handlers/admin.go:216.3,217.62 2 0
github.com/JakeNeyer/ipam/server/handlers/admin.go:217.62,220.4 2 0
github.com/JakeNeyer/ipam/server/handlers/admin.go:221.3,221.84 1 0
github.com/JakeNeyer/ipam/server/handlers/admin.go:221.84,224.4 2 0
github.com/JakeNeyer/ipam/server/handlers/admin.go:226.3,226.75 1 0
github.com/JakeNeyer/ipam/server/handlers/admin.go:226.75,227.39 1 0
github.com/JakeNeyer/ipam/server/handlers/admin.go:227.39,230.5 2 0
github.com/JakeNeyer/ipam/server/handlers/admin.go:231.4,232.10 2 0
github.com/JakeNeyer/ipam/server/handlers/admin.go:234.3,235.17 2 0
github.com/JakeNeyer/ipam/server/handlers/admin.go:235.17,238.4 2 0
github.com/JakeNeyer/ipam/server/handlers/admin.go:240.3,243.5 2 0
github.com/JakeNeyer/ipam/server/handlers/admin.go:248.57,249.54 1 0
github.com/JakeNeyer/ipam/server/handlers/admin.go:249.54,250.36 1 0
github.com/JakeNeyer/ipam/server/handlers/admin.go:250.36,253.4 2 0
github.com/JakeNeyer/ipam/server/handlers/admin.go:254.3,255.60 2 0
github.com/JakeNeyer/ipam/server/handlers/admin.go:255.60,258.4 2 0
github.com/JakeNeyer/ipam/server/handlers/admin.go:260.3,262.18 3 0
github.com/JakeNeyer/ipam/server/handlers/admin.go:262.18,265.4 2 0
github.com/JakeNeyer/ipam/server/handlers/admin.go:266.3,267.17 2 0
github.com/JakeNeyer/ipam/server/handlers/admin.go:267.17,270.4 2 0
github.com/JakeNeyer/ipam/server/handlers/admin.go:271.3,271.29 1 0
github.com/JakeNeyer/ipam/server/handlers/admin.go:271.29,274.4 2 0
github.com/JakeNeyer/ipam/server/handlers/admin.go:276.3,277.17 2 0
github.com/JakeNeyer/ipam/server/handlers/admin.go:277.17,280.4 2 0
github.com/JakeNeyer/ipam/server/handlers/admin.go:282.3,282.37 1 0
github.com/JakeNeyer/ipam/server/handlers/admin.go:282.37,284.18 2 0
github.com/JakeNeyer/ipam/server/handlers/admin.go:284.18,287.5 2 0
github.com/JakeNeyer/ipam/server/handlers/admin.go:288.4,289.28 2 0
github.com/JakeNeyer/ipam/server/handlers/admin.go:289.28,290.46 1 0
github.com/JakeNeyer/ipam/server/handlers/admin.go:290.46,292.6 1 0
github.com/JakeNeyer/ipam/server/handlers/admin.go:294.4,294.23 1 0
github.com/JakeNeyer/ipam/server/handlers/admin.go:294.23,297.5 2 0
github.com/JakeNeyer/ipam/server/handlers/admin.go:300.3,300.46 1 0
github.com/JakeNeyer/ipam/server/handlers/admin.go:300.46,301.39 1 0
github.com/JakeNeyer/ipam/server/handlers/admin.go:301.39,304.5 2 0
github.com/JakeNeyer/ipam/server/handlers/admin.go:305.4,306.10 2 0
github.com/JakeNeyer/ipam/server/handlers/admin.go:308.3,308.38 1 0
github.com/JakeNeyer/ipam/server/handlers/allocation.go:17.50,19.2 1 0
github.com/JakeNeyer/ipam/server/handlers/allocation.go:22.68,23.116 1 0
github.com/JakeNeyer/ipam/server/handlers/allocation.go:23.116,24.68 1 0
github.com/JakeNeyer/ipam/server/handlers/allocation.go:24.68,26.4 1 0
github.com/JakeNeyer/ipam/server/handlers/allocation.go:28.3,28.56 1 0
github.com/JakeNeyer/ipam/server/handlers/allocation.go:28.56,30.4 1 0
github.com/JakeNeyer/ipam/server/handlers/allocation.go:32.3,33.18 2 0
github.com/JakeNeyer/ipam/server/handlers/allocation.go:33.18,35.4 1 0
github.com/JakeNeyer/ipam/server/handlers/allocation.go:36.3,38.17 3 0
github.com/JakeNeyer/ipam/server/handlers/allocation.go:38.17,40.4 1 0
github.com/JakeNeyer/ipam/server/handlers/allocation.go:41.3,42.28 2 0
github.com/JakeNeyer/ipam/server/handlers/allocation.go:42.28,43.58 1 0
github.com/JakeNeyer/ipam/server/handlers/allocation.go:43.58,45.10 2 0
github.com/JakeNeyer/ipam/server/handlers/allocation.go:48.3,48.25 1 0
github.com/JakeNeyer/ipam/server/handlers/allocation.go:48.25,50.4 1 0
github.com/JakeNeyer/ipam/server/handlers/allocation.go:51.3,52.44 2 0
github.com/JakeNeyer/ipam/server/handlers/allocation.go:52.44,53.75 1 0
github.com/JakeNeyer/ipam/server/handlers/allocation.go:53.75,55.5 1 0
github.com/JakeNeyer/ipam/server/handlers/allocation.go:58.3,59.17 2 0
github.com/JakeNeyer/ipam/server/handlers/allocation.go:59.17,61.4 1 0
github.com/JakeNeyer/ipam/server/handlers/allocation.go:62.3,62.17 1 0
github.com/JakeNeyer/ipam/server/handlers/allocation.go:62.17,64.4 1 0
github.com/JakeNeyer/ipam/server/handlers/allocation.go:66.3,67.17 2 0
github.com/JakeNeyer/ipam/server/handlers/allocation.go:67.17,69.4 1 0
github.com/JakeNeyer/ipam/server/handlers/allocation.go:70.3,70.38 1 0
github.com/JakeNeyer/ipam/server/handlers/allocation.go:70.38,71.72 1 0
github.com/JakeNeyer/ipam/server/handlers/allocation.go:71.72,72.13 1 0
github.com/JakeNeyer/ipam/server/handlers/allocation.go:74.4,75.18 2 0
github.com/JakeNeyer/ipam/server/handlers/allocation.go:75.18,77.5 1 0
github.com/JakeNeyer/ipam/server/handlers/allocation.go:78.4,78.15 1 0
github.com/JakeNeyer/ipam/server/handlers/allocation.go:78.15,83.5 1 0
github.com/JakeNeyer/ipam/server/handlers/allocation.go:85.3,85.86 1 0
github.com/JakeNeyer/ipam/server/handlers/allocation.go:85.86,87.4 1 0
github.com/JakeNeyer/ipam/server/handlers/allocation.go:87.9,87.29 1 0
github.com/JakeNeyer/ipam/server/handlers/allocation.go:87.29,92.4 1 0
github.com/JakeNeyer/ipam/server/handlers/allocation.go:94.3,104.60 3 0
github.com/JakeNeyer/ipam/server/handlers/allocation.go:104.60,106.4 1 0
github.com/JakeNeyer/ipam/server/handlers/allocation.go:108.3,112.13 5 0
github.com/JakeNeyer/ipam/server/handlers/allocation.go:115.2,118.10 4 0
github.com/JakeNeyer/ipam/server/handlers/allocation.go:122.64,123.112 1 0
github.com/JakeNeyer/ipam/server/handlers/allocation.go:123.112,124.48 1 0
[...]
github.com/JakeNeyer/ipam/server/handlers/oauth.go:169.3,172.24 3 0
github.com/JakeNeyer/ipam/server/handlers/oauth.go:172.24,174.18 2 0
github.com/JakeNeyer/ipam/server/handlers/oauth.go:174.18,177.5 2 0
github.com/JakeNeyer/ipam/server/handlers/oauth.go:178.4,179.18 2 0
github.com/JakeNeyer/ipam/server/handlers/oauth.go:179.18,182.5 2 0
github.com/JakeNeyer/ipam/server/handlers/oauth.go:183.4,184.25 2 0
github.com/JakeNeyer/ipam/server/handlers/oauth.go:184.25,186.5 1 0
github.com/JakeNeyer/ipam/server/handlers/oauth.go:187.4,188.31 2 0
github.com/JakeNeyer/ipam/server/handlers/oauth.go:188.31,190.5 1 0
github.com/JakeNeyer/ipam/server/handlers/oauth.go:191.4,199.48 2 0
github.com/JakeNeyer/ipam/server/handlers/oauth.go:199.48,202.5 2 0
github.com/JakeNeyer/ipam/server/handlers/oauth.go:203.4,205.10 3 0
github.com/JakeNeyer/ipam/server/handlers/oauth.go:208.3,209.17 2 0
github.com/JakeNeyer/ipam/server/handlers/oauth.go:209.17,212.4 2 0
github.com/JakeNeyer/ipam/server/handlers/oauth.go:213.3,214.17 2 0
github.com/JakeNeyer/ipam/server/handlers/oauth.go:214.17,215.66 1 0
github.com/JakeNeyer/ipam/server/handlers/oauth.go:215.66,217.5 1 0
github.com/JakeNeyer/ipam/server/handlers/oauth.go:218.4,219.10 2 0
github.com/JakeNeyer/ipam/server/handlers/oauth.go:221.3,222.40 2 0
github.com/JakeNeyer/ipam/server/handlers/oauth.go:222.40,224.79 2 0
github.com/JakeNeyer/ipam/server/handlers/oauth.go:224.79,228.5 3 0
github.com/JakeNeyer/ipam/server/handlers/oauth.go:230.3,230.97 1 0
github.com/JakeNeyer/ipam/server/handlers/oauth.go:234.43,236.66 2 4
github.com/JakeNeyer/ipam/server/handlers/oauth.go:236.66,238.3 1 3
github.com/JakeNeyer/ipam/server/handlers/oauth.go:239.2,239.61 1 4
github.com/JakeNeyer/ipam/server/handlers/oauth.go:239.61,241.3 1 1
github.com/JakeNeyer/ipam/server/handlers/oauth.go:242.2,243.52 2 4
github.com/JakeNeyer/ipam/server/handlers/oauth.go:243.52,245.3 1 1
github.com/JakeNeyer/ipam/server/handlers/oauth.go:246.2,246.30 1 4
github.com/JakeNeyer/ipam/server/handlers/oauth.go:249.64,250.48 1 1
github.com/JakeNeyer/ipam/server/handlers/oauth.go:250.48,252.3 1 0
github.com/JakeNeyer/ipam/server/handlers/oauth.go:253.2,253.24 1 1
github.com/JakeNeyer/ipam/server/handlers/oauth.go:256.42,258.2 1 1
github.com/JakeNeyer/ipam/server/handlers/oauth.go:260.94,264.2 3 1
github.com/JakeNeyer/ipam/server/handlers/oauth.go:266.135,271.2 4 0
github.com/JakeNeyer/ipam/server/handlers/organization.go:26.65,27.54 1 2
github.com/JakeNeyer/ipam/server/handlers/organization.go:27.54,29.47 2 2
github.com/JakeNeyer/ipam/server/handlers/organization.go:29.47,32.4 2 2
github.com/JakeNeyer/ipam/server/handlers/organization.go:33.3,33.19 1 0
github.com/JakeNeyer/ipam/server/handlers/organization.go:34.23,36.18 2 0
github.com/JakeNeyer/ipam/server/handlers/organization.go:36.18,39.5 2 0
github.com/JakeNeyer/ipam/server/handlers/organization.go:40.4,41.27 2 0
github.com/JakeNeyer/ipam/server/handlers/organization.go:41.27,47.5 1 0
github.com/JakeNeyer/ipam/server/handlers/organization.go:48.4,49.79 2 0
github.com/JakeNeyer/ipam/server/handlers/organization.go:50.24,52.63 2 0
github.com/JakeNeyer/ipam/server/handlers/organization.go:52.63,55.5 2 0
github.com/JakeNeyer/ipam/server/handlers/organization.go:56.4,57.18 2 0
github.com/JakeNeyer/ipam/server/handlers/organization.go:57.18,60.5 2 0
github.com/JakeNeyer/ipam/server/handlers/organization.go:61.4,62.52 2 0
github.com/JakeNeyer/ipam/server/handlers/organization.go:62.52,65.5 2 0
github.com/JakeNeyer/ipam/server/handlers/organization.go:66.4,74.6 3 0
github.com/JakeNeyer/ipam/server/handlers/organization.go:75.11,76.46 1 0
github.com/JakeNeyer/ipam/server/handlers/organization.go:87.68,88.54 1 2
github.com/JakeNeyer/ipam/server/handlers/organization.go:88.54,90.47 2 2
github.com/JakeNeyer/ipam/server/handlers/organization.go:90.47,93.4 2 2
github.com/JakeNeyer/ipam/server/handlers/organization.go:95.3,97.18 3 0
github.com/JakeNeyer/ipam/server/handlers/organization.go:97.18,100.4 2 0
github.com/JakeNeyer/ipam/server/handlers/organization.go:101.3,102.17 2 0
github.com/JakeNeyer/ipam/server/handlers/organization.go:102.17,105.4 2 0
github.com/JakeNeyer/ipam/server/handlers/organization.go:107.3,107.19 1 0
github.com/JakeNeyer/ipam/server/handlers/organization.go:108.25,110.63 2 0
github.com/JakeNeyer/ipam/server/handlers/organization.go:110.63,113.5 2 0
github.com/JakeNeyer/ipam/server/handlers/organization.go:114.4,115.18 2 0
github.com/JakeNeyer/ipam/server/handlers/organization.go:115.18,118.5 2 0
github.com/JakeNeyer/ipam/server/handlers/organization.go:119.4,120.18 2 0
github.com/JakeNeyer/ipam/server/handlers/organization.go:120.18,123.5 2 0
github.com/JakeNeyer/ipam/server/handlers/organization.go:124.4,125.52 2 0
github.com/JakeNeyer/ipam/server/handlers/organization.go:125.52,128.5 2 0
github.com/JakeNeyer/ipam/server/handlers/organization.go:129.4,136.6 2 0
github.com/JakeNeyer/ipam/server/handlers/organization.go:137.26,139.18 2 0
github.com/JakeNeyer/ipam/server/handlers/organization.go:139.18,142.5 2 0
github.com/JakeNeyer/ipam/server/handlers/organization.go:143.4,143.51 1 0
github.com/JakeNeyer/ipam/server/handlers/organization.go:143.51,144.48 1 0
github.com/JakeNeyer/ipam/server/handlers/organization.go:144.48,147.6 2 0
github.com/JakeNeyer/ipam/server/handlers/organization.go:148.5,149.11 2 0
github.com/JakeNeyer/ipam/server/handlers/organization.go:151.4,151.39 1 0
github.com/JakeNeyer/ipam/server/handlers/organization.go:152.11,153.46 1 0
github.com/JakeNeyer/ipam/server/handlers/reserved.go:18.70,19.125 1 0
github.com/JakeNeyer/ipam/server/handlers/reserved.go:19.125,21.50 2 0
github.com/JakeNeyer/ipam/server/handlers/reserved.go:21.50,23.4 1 0
github.com/JakeNeyer/ipam/server/handlers/reserved.go:24.3,26.17 3 0
github.com/JakeNeyer/ipam/server/handlers/reserved.go:26.17,28.4 1 0
github.com/JakeNeyer/ipam/server/handlers/reserved.go:29.3,30.26 2 0
github.com/JakeNeyer/ipam/server/handlers/reserved.go:30.26,38.4 1 0
github.com/JakeNeyer/ipam/server/handlers/reserved.go:39.3,40.13 2 0
github.com/JakeNeyer/ipam/server/handlers/reserved.go:42.2,45.10 4 0
github.com/JakeNeyer/ipam/server/handlers/reserved.go:49.71,50.122 1 0
github.com/JakeNeyer/ipam/server/handlers/reserved.go:50.122,52.50 2 0
github.com/JakeNeyer/ipam/server/handlers/reserved.go:52.50,54.4 1 0
github.com/JakeNeyer/ipam/server/handlers/reserved.go:55.3,56.17 2 0
github.com/JakeNeyer/ipam/server/handlers/reserved.go:56.17,58.4 1 0
github.com/JakeNeyer/ipam/server/handlers/reserved.go:59.3,59.34 1 0
github.com/JakeNeyer/ipam/server/handlers/reserved.go:59.34,61.4 1 0
github.com/JakeNeyer/ipam/server/handlers/reserved.go:62.3,63.22 2 0
github.com/JakeNeyer/ipam/server/handlers/reserved.go:63.22,65.4 1 0
github.com/JakeNeyer/ipam/server/handlers/reserved.go:66.3,67.53 2 0
github.com/JakeNeyer/ipam/server/handlers/reserved.go:67.53,69.4 1 0
github.com/JakeNeyer/ipam/server/handlers/reserved.go:70.3,71.17 2 0
github.com/JakeNeyer/ipam/server/handlers/reserved.go:71.17,73.4 1 0
github.com/JakeNeyer/ipam/server/handlers/reserved.go:74.3,74.21 1 0
github.com/JakeNeyer/ipam/server/handlers/reserved.go:74.21,79.4 1 0
github.com/JakeNeyer/ipam/server/handlers/reserved.go:80.3,86.50 2 0
github.com/JakeNeyer/ipam/server/handlers/reserved.go:86.50,88.4 1 0
github.com/JakeNeyer/ipam/server/handlers/reserved.go:89.3,94.13 6 0
github.com/JakeNeyer/ipam/server/handlers/reserved.go:96.2,99.10 4 0
github.com/JakeNeyer/ipam/server/handlers/reserved.go:103.71,104.108 1 0
github.com/JakeNeyer/ipam/server/handlers/reserved.go:104.108,106.50 2 0
github.com/JakeNeyer/ipam/server/handlers/reserved.go:106.50,108.4 1 0
github.com/JakeNeyer/ipam/server/handlers/reserved.go:109.3,110.17 2 0
github.com/JakeNeyer/ipam/server/handlers/reserved.go:110.17,112.4 1 0
github.com/JakeNeyer/ipam/server/handlers/reserved.go:113.3,113.102 1 0
github.com/JakeNeyer/ipam/server/handlers/reserved.go:113.102,115.4 1 0
github.com/JakeNeyer/ipam/server/handlers/reserved.go:116.3,116.57 1 0
github.com/JakeNeyer/ipam/server/handlers/reserved.go:116.57,117.49 1 0
github.com/JakeNeyer/ipam/server/handlers/reserved.go:117.49,119.5 1 0
github.com/JakeNeyer/ipam/server/handlers/reserved.go:120.4,120.44 1 0
github.com/JakeNeyer/ipam/server/handlers/reserved.go:122.3,122.13 1 0
github.com/JakeNeyer/ipam/server/handlers/reserved.go:124.2,127.10 4 0
github.com/JakeNeyer/ipam/server/handlers/reserved.go:131.71,132.122 1 0
github.com/JakeNeyer/ipam/server/handlers/reserved.go:132.122,134.50 2 0
github.com/JakeNeyer/ipam/server/handlers/reserved.go:134.50,136.4 1 0
github.com/JakeNeyer/ipam/server/handlers/reserved.go:137.3,138.17 2 0
github.com/JakeNeyer/ipam/server/handlers/reserved.go:138.17,140.4 1 0
github.com/JakeNeyer/ipam/server/handlers/reserved.go:141.3,141.102 1 0
github.com/JakeNeyer/ipam/server/handlers/reserved.go:141.102,143.4 1 0
github.com/JakeNeyer/ipam/server/handlers/reserved.go:144.3,145.60 2 0
github.com/JakeNeyer/ipam/server/handlers/reserved.go:145.60,146.49 1 0
github.com/JakeNeyer/ipam/server/handlers/reserved.go:146.49,148.5 1 0
github.com/JakeNeyer/ipam/server/handlers/reserved.go:149.4,149.44 1 0
github.com/JakeNeyer/ipam/server/handlers/reserved.go:151.3,156.13 6 0
github.com/JakeNeyer/ipam/server/handlers/reserved.go:158.2,161.10 4 0
github.com/JakeNeyer/ipam/server/handlers/serve.go:11.69,14.71 3 2
github.com/JakeNeyer/ipam/server/handlers/serve.go:14.71,15.86 1 5
github.com/JakeNeyer/ipam/server/handlers/serve.go:15.86,18.4 2 2
github.com/JakeNeyer/ipam/server/handlers/serve.go:19.3,21.31 3 3
github.com/JakeNeyer/ipam/server/handlers/serve.go:26.57,27.71 1 2
github.com/JakeNeyer/ipam/server/handlers/serve.go:27.71,28.86 1 5
github.com/JakeNeyer/ipam/server/handlers/serve.go:28.86,31.4 2 2
github.com/JakeNeyer/ipam/server/handlers/serve.go:32.3,33.17 2 3
github.com/JakeNeyer/ipam/server/handlers/serve.go:33.17,36.4 2 0
github.com/JakeNeyer/ipam/server/handlers/serve.go:37.3,39.17 3 3
github.com/JakeNeyer/ipam/server/handlers/serve.go:39.17,42.4 2 0
github.com/JakeNeyer/ipam/server/handlers/serve.go:43.3,44.48 2 3
github.com/JakeNeyer/ipam/server/handlers/serve.go:44.48,47.4 2 1
github.com/JakeNeyer/ipam/server/handlers/serve.go:49.3,49.53 1 2
github.com/JakeNeyer/ipam/server/handlers/serve.go:49.53,52.4 2 0
github.com/JakeNeyer/ipam/server/handlers/serve.go:53.3,53.57 1 2
github.com/JakeNeyer/ipam/server/handlers/serve.go:59.32,60.43 1 1
github.com/JakeNeyer/ipam/server/handlers/serve.go:60.43,61.72 1 1
github.com/JakeNeyer/ipam/server/handlers/serve.go:61.72,63.4 1 1
github.com/JakeNeyer/ipam/server/handlers/serve.go:64.3,64.11 1 0
github.com/JakeNeyer/ipam/server/handlers/serve.go:66.2,67.75 2 0
github.com/JakeNeyer/ipam/server/handlers/serve.go:67.75,69.56 2 0
github.com/JakeNeyer/ipam/server/handlers/serve.go:69.56,71.4 1 0
github.com/JakeNeyer/ipam/server/handlers/serve.go:73.2,73.51 1 0
github.com/JakeNeyer/ipam/server/handlers/serve.go:73.51,74.29 1 0
github.com/JakeNeyer/ipam/server/handlers/serve.go:74.29,75.49 1 0
github.com/JakeNeyer/ipam/server/handlers/serve.go:75.49,77.5 1 0
github.com/JakeNeyer/ipam/server/handlers/serve.go:78.4,78.14 1 0
github.com/JakeNeyer/ipam/server/handlers/serve.go:81.2,81.50 1 0
github.com/JakeNeyer/ipam/server/handlers/serve.go:81.50,83.52 2 0
github.com/JakeNeyer/ipam/server/handlers/serve.go:83.52,85.30 2 0
github.com/JakeNeyer/ipam/server/handlers/serve.go:85.30,87.5 1 0
github.com/JakeNeyer/ipam/server/handlers/serve.go:90.2,90.11 1 0
github.com/JakeNeyer/ipam/server/handlers/serve.go:93.41,98.2 3 4
github.com/JakeNeyer/ipam/server/handlers/setup.go:26.86,27.107 1 0
github.com/JakeNeyer/ipam/server/handlers/setup.go:27.107,29.17 2 0
github.com/JakeNeyer/ipam/server/handlers/setup.go:29.17,32.4 2 0
github.com/JakeNeyer/ipam/server/handlers/setup.go:33.3,34.20 2 0
github.com/JakeNeyer/ipam/server/handlers/setup.go:34.20,36.19 2 0
github.com/JakeNeyer/ipam/server/handlers/setup.go:36.19,38.5 1 0
github.com/JakeNeyer/ipam/server/handlers/setup.go:39.4,39.19 1 0
github.com/JakeNeyer/ipam/server/handlers/setup.go:39.19,41.5 1 0
github.com/JakeNeyer/ipam/server/handlers/setup.go:43.3,45.13 3 0
github.com/JakeNeyer/ipam/server/handlers/setup.go:47.2,50.10 4 0
github.com/JakeNeyer/ipam/server/handlers/setup.go:66.81,68.108 2 0
github.com/JakeNeyer/ipam/server/handlers/setup.go:68.108,71.17 3 0
github.com/JakeNeyer/ipam/server/handlers/setup.go:71.17,74.4 2 0
github.com/JakeNeyer/ipam/server/handlers/setup.go:75.3,75.21 1 0
github.com/JakeNeyer/ipam/server/handlers/setup.go:75.21,78.4 2 0
github.com/JakeNeyer/ipam/server/handlers/setup.go:79.3,79.45 1 0
github.com/JakeNeyer/ipam/server/handlers/setup.go:79.45,82.4 2 0
github.com/JakeNeyer/ipam/server/handlers/setup.go:83.3,84.27 2 0
github.com/JakeNeyer/ipam/server/handlers/setup.go:84.27,85.52 1 0
github.com/JakeNeyer/ipam/server/handlers/setup.go:85.52,88.5 2 0
github.com/JakeNeyer/ipam/server/handlers/setup.go:89.4,90.18 2 0
github.com/JakeNeyer/ipam/server/handlers/setup.go:90.18,93.5 2 0
github.com/JakeNeyer/ipam/server/handlers/setup.go:94.4,94.31 1 0
github.com/JakeNeyer/ipam/server/handlers/setup.go:95.9,95.27 1 0
github.com/JakeNeyer/ipam/server/handlers/setup.go:95.27,98.4 2 0
github.com/JakeNeyer/ipam/server/handlers/setup.go:99.3,105.45 2 0
github.com/JakeNeyer/ipam/server/handlers/setup.go:105.45,108.17 3 0
github.com/JakeNeyer/ipam/server/handlers/setup.go:108.17,110.5 1 0
github.com/JakeNeyer/ipam/server/handlers/setup.go:111.4,111.63 1 0
github.com/JakeNeyer/ipam/server/handlers/setup.go:113.3,115.13 3 0
github.com/JakeNeyer/ipam/server/handlers/setup.go:117.2,120.10 4 0
github.com/JakeNeyer/ipam/server/handlers/signup.go:54.85,55.54 1 0
github.com/JakeNeyer/ipam/server/handlers/signup.go:55.54,57.50 2 0
github.com/JakeNeyer/ipam/server/handlers/signup.go:57.50,60.4 2 0
github.com/JakeNeyer/ipam/server/handlers/signup.go:61.3,61.19 1 0
github.com/JakeNeyer/ipam/server/handlers/signup.go:62.23,63.36 1 0
github.com/JakeNeyer/ipam/server/handlers/signup.go:64.24,65.42 1 0
github.com/JakeNeyer/ipam/server/handlers/signup.go:66.11,67.46 1 0
github.com/JakeNeyer/ipam/server/handlers/signup.go:72.82,74.16 2 0
github.com/JakeNeyer/ipam/server/handlers/signup.go:74.16,77.3 2 0
github.com/JakeNeyer/ipam/server/handlers/signup.go:78.2,79.30 2 0
github.com/JakeNeyer/ipam/server/handlers/signup.go:79.30,86.30 2 0
github.com/JakeNeyer/ipam/server/handlers/signup.go:86.30,87.58 1 0
github.com/JakeNeyer/ipam/server/handlers/signup.go:87.58,89.5 1 0
github.com/JakeNeyer/ipam/server/handlers/signup.go:91.3,91.26 1 0
github.com/JakeNeyer/ipam/server/handlers/signup.go:93.2,94.71 2 0
github.com/JakeNeyer/ipam/server/handlers/signup.go:97.119,99.61 2 0
github.com/JakeNeyer/ipam/server/handlers/signup.go:99.61,102.3 2 0
github.com/JakeNeyer/ipam/server/handlers/signup.go:103.2,104.15 2 0
github.com/JakeNeyer/ipam/server/handlers/signup.go:104.15,106.3 1 0
github.com/JakeNeyer/ipam/server/handlers/signup.go:107.2,107.17 1 0
github.com/JakeNeyer/ipam/server/handlers/signup.go:107.17,109.3 1 0
github.com/JakeNeyer/ipam/server/handlers/signup.go:110.2,113.30 4 0
github.com/JakeNeyer/ipam/server/handlers/signup.go:113.30,115.34 2 0
github.com/JakeNeyer/ipam/server/handlers/signup.go:115.34,117.4 1 0
github.com/JakeNeyer/ipam/server/handlers/signup.go:119.2,119.70 1 0
github.com/JakeNeyer/ipam/server/handlers/signup.go:119.70,122.3 2 0
github.com/JakeNeyer/ipam/server/handlers/signup.go:123.2,124.16 2 0
github.com/JakeNeyer/ipam/server/handlers/signup.go:124.16,127.3 2 0
github.com/JakeNeyer/ipam/server/handlers/signup.go:128.2,130.58 3 0
github.com/JakeNeyer/ipam/server/handlers/signup.go:130.58,132.3 1 0
github.com/JakeNeyer/ipam/server/handlers/signup.go:132.8,135.3 2 0
github.com/JakeNeyer/ipam/server/handlers/signup.go:136.2,143.4 4 0
github.com/JakeNeyer/ipam/server/handlers/signup.go:147.65,148.54 1 0
github.com/JakeNeyer/ipam/server/handlers/signup.go:148.54,149.36 1 0
github.com/JakeNeyer/ipam/server/handlers/signup.go:149.36,152.4 2 0
github.com/JakeNeyer/ipam/server/handlers/signup.go:153.3,154.50 2 0
github.com/JakeNeyer/ipam/server/handlers/signup.go:154.50,157.4 2 0
github.com/JakeNeyer/ipam/server/handlers/signup.go:158.3,160.18 3 0
github.com/JakeNeyer/ipam/server/handlers/signup.go:160.18,163.4 2 0
github.com/JakeNeyer/ipam/server/handlers/signup.go:164.3,165.17 2 0
github.com/JakeNeyer/ipam/server/handlers/signup.go:165.17,168.4 2 0
github.com/JakeNeyer/ipam/server/handlers/signup.go:169.3,169.50 1 0
github.com/JakeNeyer/ipam/server/handlers/signup.go:169.50,172.4 2 0
github.com/JakeNeyer/ipam/server/handlers/signup.go:173.3,173.38 1 0
github.com/JakeNeyer/ipam/server/handlers/signup.go:178.49,180.18 2 0
github.com/JakeNeyer/ipam/server/handlers/signup.go:180.18,181.19 1 0
github.com/JakeNeyer/ipam/server/handlers/signup.go:181.19,183.4 1 0
github.com/JakeNeyer/ipam/server/handlers/signup.go:183.9,185.4 1 0
github.com/JakeNeyer/ipam/server/handlers/signup.go:187.2,188.16 2 0
github.com/JakeNeyer/ipam/server/handlers/signup.go:188.16,190.3 1 0
github.com/JakeNeyer/ipam/server/handlers/signup.go:191.2,191.51 1 0
github.com/JakeNeyer/ipam/server/handlers/signup.go:196.56,199.15 3 0
github.com/JakeNeyer/ipam/server/handlers/signup.go:199.15,201.3 1 0
github.com/JakeNeyer/ipam/server/handlers/signup.go:202.2,203.18 2 0
github.com/JakeNeyer/ipam/server/handlers/signup.go:203.18,205.3 1 0
github.com/JakeNeyer/ipam/server/handlers/signup.go:206.2,206.21 1 0
github.com/JakeNeyer/ipam/server/handlers/signup.go:210.67,211.54 1 0
github.com/JakeNeyer/ipam/server/handlers/signup.go:211.54,212.33 1 0
github.com/JakeNeyer/ipam/server/handlers/signup.go:212.33,215.4 2 0
github.com/JakeNeyer/ipam/server/handlers/signup.go:216.3,217.18 2 0
github.com/JakeNeyer/ipam/server/handlers/signup.go:217.18,220.4 2 0
github.com/JakeNeyer/ipam/server/handlers/signup.go:221.3,222.17 2 0
github.com/JakeNeyer/ipam/server/handlers/signup.go:222.17,227.4 4 0
github.com/JakeNeyer/ipam/server/handlers/signup.go:228.3,232.5 2 0
github.com/JakeNeyer/ipam/server/handlers/signup.go:237.65,238.54 1 0
github.com/JakeNeyer/ipam/server/handlers/signup.go:238.54,239.34 1 0
github.com/JakeNeyer/ipam/server/handlers/signup.go:239.34,242.4 2 0
github.com/JakeNeyer/ipam/server/handlers/signup.go:243.3,244.62 2 0
github.com/JakeNeyer/ipam/server/handlers/signup.go:244.62,247.4 2 0
github.com/JakeNeyer/ipam/server/handlers/signup.go:248.3,249.18 2 0
github.com/JakeNeyer/ipam/server/handlers/signup.go:249.18,252.4 2 0
github.com/JakeNeyer/ipam/server/handlers/signup.go:253.3,254.17 2 0
github.com/JakeNeyer/ipam/server/handlers/signup.go:254.17,257.4 2 0
github.com/JakeNeyer/ipam/server/handlers/signup.go:258.3,259.17 2 0
github.com/JakeNeyer/ipam/server/handlers/signup.go:259.17,262.4 2 0
github.com/JakeNeyer/ipam/server/handlers/signup.go:263.3,264.24 2 0
github.com/JakeNeyer/ipam/server/handlers/signup.go:264.24,266.4 1 0
github.com/JakeNeyer/ipam/server/handlers/signup.go:267.3,268.30 2 0
github.com/JakeNeyer/ipam/server/handlers/signup.go:268.30,270.4 1 0
github.com/JakeNeyer/ipam/server/handlers/signup.go:271.3,271.43 1 0
github.com/JakeNeyer/ipam/server/handlers/signup.go:271.43,274.4 2 0
github.com/JakeNeyer/ipam/server/handlers/signup.go:275.3,275.49 1 0
github.com/JakeNeyer/ipam/server/handlers/signup.go:275.49,278.4 2 0
github.com/JakeNeyer/ipam/server/handlers/signup.go:279.3,281.17 3 0
github.com/JakeNeyer/ipam/server/handlers/signup.go:281.17,284.4 2 0
github.com/JakeNeyer/ipam/server/handlers/signup.go:285.3,291.47 2 0
github.com/JakeNeyer/ipam/server/handlers/signup.go:291.47,294.4 2 0
github.com/JakeNeyer/ipam/server/handlers/signup.go:295.3,295.68 1 0
github.com/JakeNeyer/ipam/server/handlers/signup.go:295.68,297.4 1 0
github.com/JakeNeyer/ipam/server/handlers/signup.go:298.3,301.51 4 0
github.com/JakeNeyer/ipam/server/handlers/signup.go:301.51,303.4 1 0
github.com/JakeNeyer/ipam/server/handlers/signup.go:304.3,309.5 4 0
